#
# A fatal error has been detected by the Java Runtime Environment:
#
#  SIGSEGV (0xb) at pc=0x00007fcb6d0d3f36, pid=10042, tid=0x00007fcb40151700
#
# JRE version: OpenJDK Runtime Environment (8.0_112-b06) (build 1.8.0_112-release-b06)
# Java VM: OpenJDK 64-Bit Server VM (25.112-b06 mixed mode linux-amd64 compressed oops)
# Problematic frame:
# V  [libjvm.so+0x629f36]  java_lang_String::length(oopDesc*) [clone .part.151]+0x46
#
# Failed to write core dump. Core dumps have been disabled. To enable core dumping, try "ulimit -c unlimited" before starting Java again
#
# If you would like to submit a bug report, please visit:
#   http://bugreport.java.com/bugreport/crash.jsp
#

---------------  T H R E A D  ---------------

Current thread (0x00007fcb0c009000):  JavaThread "Daemon worker" [_thread_in_vm, id=10078, stack(0x00007fcb40051000,0x00007fcb40152000)]

siginfo: si_signo: 11 (SIGSEGV), si_code: 2 (SEGV_ACCERR), si_addr: 0x00000000f411f034

Registers:
RAX=0x0000000000000000, RBX=0x0000000000000000, RCX=0x0000000000000000, RDX=0x00000000f411f028
RSP=0x00007fcb4014e9d8, RBP=0x00007fcb4014ea00, RSI=0x00007fcb30011a70, RDI=0x00000000e411f010
R8 =0x00007fcb30011a74, R9 =0x0000000000000038, R10=0x00007fcb30011a70, R11=0x0000000000000000
R12=0x00000000f411f028, R13=0x00007fcb68026730, R14=0x0000000000011336, R15=0x0000000000000001
RIP=0x00007fcb6d0d3f36, EFLAGS=0x0000000000010246, CSGSFS=0x0000000000000033, ERR=0x0000000000000004
  TRAPNO=0x000000000000000e

Top of Stack: (sp=0x00007fcb4014e9d8)
0x00007fcb4014e9d8:   00007fcb6d0d5ce4 0000000340150bf0
0x00007fcb4014e9e8:   00007fcb30011a70 0000000000000003
0x00007fcb4014e9f8:   00007fcb68bdb3d0 00007fcb4014ea70
0x00007fcb4014ea08:   00007fcb6d3fe340 00007fcb4014ea90
0x00007fcb4014ea18:   00007fcb6d384719 000028c90c009000
0x00007fcb4014ea28:   0000000000000000 00007fcb0c009000
0x00007fcb4014ea38:   00007fcb30011a70 00007fcb4014ea70
0x00007fcb4014ea48:   00007fcb0c009000 00007fcb30011a60
0x00007fcb4014ea58:   00007fcb30011e48 00007fcb30011a70
0x00007fcb4014ea68:   00007fcb0c00b440 00007fcb4014ead0
0x00007fcb4014ea78:   00007fcb6d3fe4f1 00007fcb03cca058
0x00007fcb4014ea88:   00000000000003d8 00007fcb03cca058
0x00007fcb4014ea98:   0000000303cca058 00007fcb4014ec00
0x00007fcb4014eaa8:   0000000000000000 00007fcb0c009000
0x00007fcb4014eab8:   00007fcb4014eb50 0000000000000001
0x00007fcb4014eac8:   00007fcb6d96d8f4 00007fcb4014eb20
0x00007fcb4014ead8:   00007fcb6cf595f3 00007fcb0c009000
0x00007fcb4014eae8:   00007fcb4014eb00 00007fcb4014eb50
0x00007fcb4014eaf8:   0000000000000001 00007fcb4014ebb0
0x00007fcb4014eb08:   000000000000001f 00007fcb0c009000
0x00007fcb4014eb18:   00007fcb4014eb50 00007fcb4014eb90
0x00007fcb4014eb28:   00007fcb6cf59bdb 00007fcb4014ecc8
0x00007fcb4014eb38:   00007fcb0c009000 00007fcb0c009000
0x00007fcb4014eb48:   0000000000000008 00007fcb43a3a290
0x00007fcb4014eb58:   00007fcb0c009000 00007fcb00000008
0x00007fcb4014eb68:   00007fcb43a3a290 00007fcb0c009000
0x00007fcb4014eb78:   00007fcb0c0099e0 0000000000000001
0x00007fcb4014eb88:   00007fcb4014ec60 00007fcb4014ebe0
0x00007fcb4014eb98:   00007fcb6cdc43ff 00007fcb4014ecc8
0x00007fcb4014eba8:   00007fcb585cb0e3 00007fcb43a3a290
0x00007fcb4014ebb8:   00007fcb0c009000 00007fcb0c009000
0x00007fcb4014ebc8:   00007fcb4014ec50 00007fcb4014ec10 

Instructions: (pc=0x00007fcb6d0d3f36)
0x00007fcb6d0d3f16:   ad 87 00 8b 4a 08 48 d3 e0 48 03 02 48 89 c2 48
0x00007fcb6d0d3f26:   8d 05 c8 99 89 00 5d 80 38 01 48 19 c0 83 e0 04
0x00007fcb6d0d3f36:   8b 44 02 0c c3 0f 1f 44 00 00 48 8b 14 07 eb df
0x00007fcb6d0d3f46:   66 2e 0f 1f 84 00 00 00 00 00 55 48 89 e5 41 54 

Register to memory mapping:

RAX=0x0000000000000000 is an unknown value
RBX=0x0000000000000000 is an unknown value
RCX=0x0000000000000000 is an unknown value
RDX=0x00000000f411f028 is an unallocated location in the heap
RSP=0x00007fcb4014e9d8 is pointing into the stack for thread: 0x00007fcb0c009000
RBP=0x00007fcb4014ea00 is pointing into the stack for thread: 0x00007fcb0c009000
RSI=0x00007fcb30011a70 is an unknown value
RDI=0x00000000e411f010 is an oop
java.lang.String 
 - klass: 'java/lang/String'
R8 =0x00007fcb30011a74 is an unknown value
R9 =0x0000000000000038 is an unknown value
R10=0x00007fcb30011a70 is an unknown value
R11=0x0000000000000000 is an unknown value
R12=0x00000000f411f028 is an unallocated location in the heap
R13=0x00007fcb68026730 is an unknown value
R14=0x0000000000011336 is an unknown value
R15=0x0000000000000001 is an unknown value


Stack: [0x00007fcb40051000,0x00007fcb40152000],  sp=0x00007fcb4014e9d8,  free space=1014k
Native frames: (J=compiled Java code, j=interpreted, Vv=VM code, C=native code)
V  [libjvm.so+0x629f36]  java_lang_String::length(oopDesc*) [clone .part.151]+0x46
V  [libjvm.so+0x954340]  StringTable::intern(Handle, unsigned short*, int, Thread*)+0xc0
V  [libjvm.so+0x9544f1]  StringTable::intern(Symbol*, Thread*)+0x51
V  [libjvm.so+0x4af5f3]  ConstantPool::string_at_impl(constantPoolHandle, int, int, Thread*)+0xb3
V  [libjvm.so+0x4afbdb]  ConstantPool::resolve_constant_at_impl(constantPoolHandle, int, int, Thread*)+0x41b
V  [libjvm.so+0x31a3ff]  Bytecode_loadconstant::resolve_constant(Thread*) const+0x26f
V  [libjvm.so+0x61e0c1]  InterpreterRuntime::resolve_ldc(JavaThread*, Bytecodes::Code)+0x161
j  sun.net.www.protocol.file.FileURLConnection.connect()V+118
j  org.gradle.internal.resource.UriTextResource.getInputStream(Ljava/net/URI;)Ljava/io/Reader;+30
j  org.gradle.internal.resource.UriTextResource.getAsReader()Ljava/io/Reader;+50
j  org.gradle.internal.resource.UriTextResource.getText()Ljava/lang/String;+1
j  org.gradle.internal.resource.CachingTextResource.maybeFetch()V+12
j  org.gradle.internal.resource.CachingTextResource.getHasEmptyContent()Z+1
j  org.gradle.groovy.scripts.internal.FileCacheBackedScriptClassCompiler.compile(Lorg/gradle/groovy/scripts/ScriptSource;Ljava/lang/ClassLoader;Lorg/gradle/api/internal/initialization/loadercache/ClassLoaderId;Lorg/gradle/groovy/scripts/internal/CompileOperation;Ljava/lang/Class;Lorg/gradle/api/Action;)Lorg/gradle/groovy/scripts/internal/CompiledScript;+34
j  org.gradle.groovy.scripts.internal.CrossBuildInMemoryCachingScriptClassCache.getOrCompile(Lorg/gradle/groovy/scripts/ScriptSource;Ljava/lang/ClassLoader;Lorg/gradle/api/internal/initialization/loadercache/ClassLoaderId;Lorg/gradle/groovy/scripts/internal/CompileOperation;Ljava/lang/Class;Lorg/gradle/api/Action;Lorg/gradle/groovy/scripts/internal/ScriptClassCompiler;)Lorg/gradle/groovy/scripts/internal/CompiledScript;+97
j  org.gradle.groovy.scripts.internal.BuildScopeInMemoryCachingScriptClassCompiler.compile(Lorg/gradle/groovy/scripts/ScriptSource;Ljava/lang/ClassLoader;Lorg/gradle/api/internal/initialization/loadercache/ClassLoaderId;Lorg/gradle/groovy/scripts/internal/CompileOperation;Ljava/lang/Class;Lorg/gradle/api/Action;)Lorg/gradle/groovy/scripts/internal/CompiledScript;+64
j  org.gradle.groovy.scripts.DefaultScriptCompilerFactory$ScriptCompilerImpl.compile(Ljava/lang/Class;Lorg/gradle/groovy/scripts/internal/CompileOperation;Ljava/lang/ClassLoader;Lorg/gradle/api/Action;)Lorg/gradle/groovy/scripts/ScriptRunner;+38
j  org.gradle.configuration.DefaultScriptPluginFactory$ScriptPluginImpl.apply(Ljava/lang/Object;)V+306
j  org.gradle.configuration.DefaultInitScriptProcessor.process(Lorg/gradle/groovy/scripts/ScriptSource;Lorg/gradle/api/internal/GradleInternal;)V+118
j  org.gradle.initialization.InitScriptHandler$1.execute(Lorg/gradle/internal/operations/BuildOperationContext;)V+50
j  org.gradle.initialization.InitScriptHandler$1.execute(Ljava/lang/Object;)V+5
j  org.gradle.internal.Transformers$4.transform(Ljava/lang/Object;)Ljava/lang/Object;+5
j  org.gradle.internal.progress.DefaultBuildOperationExecutor.run(Lorg/gradle/internal/progress/BuildOperationDetails;Lorg/gradle/api/Transformer;)Ljava/lang/Object;+276
j  org.gradle.internal.progress.DefaultBuildOperationExecutor.run(Lorg/gradle/internal/progress/BuildOperationDetails;Lorg/gradle/api/Action;)V+6
j  org.gradle.initialization.InitScriptHandler.executeScripts(Lorg/gradle/api/internal/GradleInternal;)V+49
j  org.gradle.initialization.DefaultGradleLauncher.doBuildStages(Lorg/gradle/initialization/DefaultGradleLauncher$Stage;)V+35
j  org.gradle.initialization.DefaultGradleLauncher.doBuild(Lorg/gradle/initialization/DefaultGradleLauncher$Stage;)Lorg/gradle/BuildResult;+17
j  org.gradle.initialization.DefaultGradleLauncher.run()Lorg/gradle/BuildResult;+4
j  org.gradle.launcher.exec.GradleBuildController.run()Lorg/gradle/api/internal/GradleInternal;+4
j  org.gradle.tooling.internal.provider.runner.BuildModelActionRunner.run(Lorg/gradle/internal/invocation/BuildAction;Lorg/gradle/internal/invocation/BuildController;)V+48
j  org.gradle.launcher.exec.ChainingBuildActionRunner.run(Lorg/gradle/internal/invocation/BuildAction;Lorg/gradle/internal/invocation/BuildController;)V+34
j  org.gradle.tooling.internal.provider.runner.RunAsBuildOperationBuildActionRunner$1.execute(Lorg/gradle/internal/operations/BuildOperationContext;)V+15
j  org.gradle.tooling.internal.provider.runner.RunAsBuildOperationBuildActionRunner$1.execute(Ljava/lang/Object;)V+5
j  org.gradle.internal.Transformers$4.transform(Ljava/lang/Object;)Ljava/lang/Object;+5
j  org.gradle.internal.progress.DefaultBuildOperationExecutor.run(Lorg/gradle/internal/progress/BuildOperationDetails;Lorg/gradle/api/Transformer;)Ljava/lang/Object;+276
j  org.gradle.internal.progress.DefaultBuildOperationExecutor.run(Ljava/lang/String;Lorg/gradle/api/Action;)V+12
j  org.gradle.tooling.internal.provider.runner.RunAsBuildOperationBuildActionRunner.run(Lorg/gradle/internal/invocation/BuildAction;Lorg/gradle/internal/invocation/BuildController;)V+16
j  org.gradle.tooling.internal.provider.runner.SubscribableBuildActionRunner.run(Lorg/gradle/internal/invocation/BuildAction;Lorg/gradle/internal/invocation/BuildController;)V+38
j  org.gradle.launcher.exec.ChainingBuildActionRunner.run(Lorg/gradle/internal/invocation/BuildAction;Lorg/gradle/internal/invocation/BuildController;)V+34
j  org.gradle.launcher.exec.InProcessBuildActionExecuter.execute(Lorg/gradle/internal/invocation/BuildAction;Lorg/gradle/initialization/BuildRequestContext;Lorg/gradle/launcher/exec/BuildActionParameters;Lorg/gradle/internal/service/ServiceRegistry;)Ljava/lang/Object;+64
j  org.gradle.launcher.exec.InProcessBuildActionExecuter.execute(Lorg/gradle/internal/invocation/BuildAction;Lorg/gradle/initialization/BuildRequestContext;Ljava/lang/Object;Lorg/gradle/internal/service/ServiceRegistry;)Ljava/lang/Object;+9
j  org.gradle.tooling.internal.provider.ContinuousBuildActionExecuter.execute(Lorg/gradle/internal/invocation/BuildAction;Lorg/gradle/initialization/BuildRequestContext;Lorg/gradle/launcher/exec/BuildActionParameters;Lorg/gradle/internal/service/ServiceRegistry;)Ljava/lang/Object;+28
j  org.gradle.tooling.internal.provider.ContinuousBuildActionExecuter.execute(Lorg/gradle/internal/invocation/BuildAction;Lorg/gradle/initialization/BuildRequestContext;Ljava/lang/Object;Lorg/gradle/internal/service/ServiceRegistry;)Ljava/lang/Object;+9
j  org.gradle.tooling.internal.provider.ServicesSetupBuildActionExecuter.execute(Lorg/gradle/internal/invocation/BuildAction;Lorg/gradle/initialization/BuildRequestContext;Lorg/gradle/launcher/exec/BuildActionParameters;Lorg/gradle/internal/service/ServiceRegistry;)Ljava/lang/Object;+52
j  org.gradle.tooling.internal.provider.ServicesSetupBuildActionExecuter.execute(Lorg/gradle/internal/invocation/BuildAction;Lorg/gradle/initialization/BuildRequestContext;Ljava/lang/Object;Lorg/gradle/internal/service/ServiceRegistry;)Ljava/lang/Object;+9
j  org.gradle.launcher.daemon.server.exec.ExecuteBuild.doBuild(Lorg/gradle/launcher/daemon/server/api/DaemonCommandExecution;Lorg/gradle/launcher/daemon/protocol/Build;)V+114
j  org.gradle.launcher.daemon.server.exec.BuildCommandOnly.execute(Lorg/gradle/launcher/daemon/server/api/DaemonCommandExecution;)V+49
j  org.gradle.launcher.daemon.server.api.DaemonCommandExecution.proceed()Z+28
j  org.gradle.launcher.daemon.server.exec.WatchForDisconnection.execute(Lorg/gradle/launcher/daemon/server/api/DaemonCommandExecution;)V+19
j  org.gradle.launcher.daemon.server.api.DaemonCommandExecution.proceed()Z+28
j  org.gradle.launcher.daemon.server.exec.ResetDeprecationLogger.execute(Lorg/gradle/launcher/daemon/server/api/DaemonCommandExecution;)V+4
j  org.gradle.launcher.daemon.server.api.DaemonCommandExecution.proceed()Z+28
j  org.gradle.launcher.daemon.server.exec.RequestStopIfSingleUsedDaemon.execute(Lorg/gradle/launcher/daemon/server/api/DaemonCommandExecution;)V+33
j  org.gradle.launcher.daemon.server.api.DaemonCommandExecution.proceed()Z+28
j  org.gradle.launcher.daemon.server.exec.ForwardClientInput$2.call()Ljava/lang/Void;+4
j  org.gradle.launcher.daemon.server.exec.ForwardClientInput$2.call()Ljava/lang/Object;+1
j  org.gradle.util.Swapper.swap(Ljava/lang/Object;Ljava/util/concurrent/Callable;)Ljava/lang/Object;+21
j  org.gradle.launcher.daemon.server.exec.ForwardClientInput.execute(Lorg/gradle/launcher/daemon/server/api/DaemonCommandExecution;)V+63
j  org.gradle.launcher.daemon.server.api.DaemonCommandExecution.proceed()Z+28
j  org.gradle.launcher.daemon.server.exec.LogAndCheckHealth.execute(Lorg/gradle/launcher/daemon/server/api/DaemonCommandExecution;)V+28
j  org.gradle.launcher.daemon.server.api.DaemonCommandExecution.proceed()Z+28
j  org.gradle.launcher.daemon.server.exec.LogToClient.doBuild(Lorg/gradle/launcher/daemon/server/api/DaemonCommandExecution;Lorg/gradle/launcher/daemon/protocol/Build;)V+87
j  org.gradle.launcher.daemon.server.exec.BuildCommandOnly.execute(Lorg/gradle/launcher/daemon/server/api/DaemonCommandExecution;)V+49
j  org.gradle.launcher.daemon.server.api.DaemonCommandExecution.proceed()Z+28
j  org.gradle.launcher.daemon.server.exec.EstablishBuildEnvironment.doBuild(Lorg/gradle/launcher/daemon/server/api/DaemonCommandExecution;Lorg/gradle/launcher/daemon/protocol/Build;)V+279
j  org.gradle.launcher.daemon.server.exec.BuildCommandOnly.execute(Lorg/gradle/launcher/daemon/server/api/DaemonCommandExecution;)V+49
j  org.gradle.launcher.daemon.server.api.DaemonCommandExecution.proceed()Z+28
j  org.gradle.launcher.daemon.server.exec.StartBuildOrRespondWithBusy$1.run()V+44
j  org.gradle.launcher.daemon.server.DaemonStateCoordinator$1.run()V+4
j  org.gradle.internal.concurrent.ExecutorPolicy$CatchAndRecordFailures.onExecute(Ljava/lang/Runnable;)V+1
j  org.gradle.internal.concurrent.StoppableExecutorImpl$1.run()V+25
j  java.util.concurrent.ThreadPoolExecutor.runWorker(Ljava/util/concurrent/ThreadPoolExecutor$Worker;)V+95
j  java.util.concurrent.ThreadPoolExecutor$Worker.run()V+5
j  java.lang.Thread.run()V+11
v  ~StubRoutines::call_stub
V  [libjvm.so+0x62915a]  JavaCalls::call_helper(JavaValue*, methodHandle*, JavaCallArguments*, Thread*)+0xeea
V  [libjvm.so+0x626834]  JavaCalls::call_virtual(JavaValue*, KlassHandle, Symbol*, Symbol*, JavaCallArguments*, Thread*)+0x2a4
V  [libjvm.so+0x626e2a]  JavaCalls::call_virtual(JavaValue*, Handle, KlassHandle, Symbol*, Symbol*, Thread*)+0x4a
V  [libjvm.so+0x6678ce]  thread_entry(JavaThread*, Thread*)+0x8e
V  [libjvm.so+0x990df8]  JavaThread::thread_main_inner()+0xd8
V  [libjvm.so+0x849c82]  java_start(Thread*)+0xf2
C  [libpthread.so.0+0x76ba]  start_thread+0xca

Java frames: (J=compiled Java code, j=interpreted, Vv=VM code)
j  sun.net.www.protocol.file.FileURLConnection.connect()V+118
j  org.gradle.internal.resource.UriTextResource.getInputStream(Ljava/net/URI;)Ljava/io/Reader;+30
j  org.gradle.internal.resource.UriTextResource.getAsReader()Ljava/io/Reader;+50
j  org.gradle.internal.resource.UriTextResource.getText()Ljava/lang/String;+1
j  org.gradle.internal.resource.CachingTextResource.maybeFetch()V+12
j  org.gradle.internal.resource.CachingTextResource.getHasEmptyContent()Z+1
j  org.gradle.groovy.scripts.internal.FileCacheBackedScriptClassCompiler.compile(Lorg/gradle/groovy/scripts/ScriptSource;Ljava/lang/ClassLoader;Lorg/gradle/api/internal/initialization/loadercache/ClassLoaderId;Lorg/gradle/groovy/scripts/internal/CompileOperation;Ljava/lang/Class;Lorg/gradle/api/Action;)Lorg/gradle/groovy/scripts/internal/CompiledScript;+34
j  org.gradle.groovy.scripts.internal.CrossBuildInMemoryCachingScriptClassCache.getOrCompile(Lorg/gradle/groovy/scripts/ScriptSource;Ljava/lang/ClassLoader;Lorg/gradle/api/internal/initialization/loadercache/ClassLoaderId;Lorg/gradle/groovy/scripts/internal/CompileOperation;Ljava/lang/Class;Lorg/gradle/api/Action;Lorg/gradle/groovy/scripts/internal/ScriptClassCompiler;)Lorg/gradle/groovy/scripts/internal/CompiledScript;+97
j  org.gradle.groovy.scripts.internal.BuildScopeInMemoryCachingScriptClassCompiler.compile(Lorg/gradle/groovy/scripts/ScriptSource;Ljava/lang/ClassLoader;Lorg/gradle/api/internal/initialization/loadercache/ClassLoaderId;Lorg/gradle/groovy/scripts/internal/CompileOperation;Ljava/lang/Class;Lorg/gradle/api/Action;)Lorg/gradle/groovy/scripts/internal/CompiledScript;+64
j  org.gradle.groovy.scripts.DefaultScriptCompilerFactory$ScriptCompilerImpl.compile(Ljava/lang/Class;Lorg/gradle/groovy/scripts/internal/CompileOperation;Ljava/lang/ClassLoader;Lorg/gradle/api/Action;)Lorg/gradle/groovy/scripts/ScriptRunner;+38
j  org.gradle.configuration.DefaultScriptPluginFactory$ScriptPluginImpl.apply(Ljava/lang/Object;)V+306
j  org.gradle.configuration.DefaultInitScriptProcessor.process(Lorg/gradle/groovy/scripts/ScriptSource;Lorg/gradle/api/internal/GradleInternal;)V+118
j  org.gradle.initialization.InitScriptHandler$1.execute(Lorg/gradle/internal/operations/BuildOperationContext;)V+50
j  org.gradle.initialization.InitScriptHandler$1.execute(Ljava/lang/Object;)V+5
j  org.gradle.internal.Transformers$4.transform(Ljava/lang/Object;)Ljava/lang/Object;+5
j  org.gradle.internal.progress.DefaultBuildOperationExecutor.run(Lorg/gradle/internal/progress/BuildOperationDetails;Lorg/gradle/api/Transformer;)Ljava/lang/Object;+276
j  org.gradle.internal.progress.DefaultBuildOperationExecutor.run(Lorg/gradle/internal/progress/BuildOperationDetails;Lorg/gradle/api/Action;)V+6
j  org.gradle.initialization.InitScriptHandler.executeScripts(Lorg/gradle/api/internal/GradleInternal;)V+49
j  org.gradle.initialization.DefaultGradleLauncher.doBuildStages(Lorg/gradle/initialization/DefaultGradleLauncher$Stage;)V+35
j  org.gradle.initialization.DefaultGradleLauncher.doBuild(Lorg/gradle/initialization/DefaultGradleLauncher$Stage;)Lorg/gradle/BuildResult;+17
j  org.gradle.initialization.DefaultGradleLauncher.run()Lorg/gradle/BuildResult;+4
j  org.gradle.launcher.exec.GradleBuildController.run()Lorg/gradle/api/internal/GradleInternal;+4
j  org.gradle.tooling.internal.provider.runner.BuildModelActionRunner.run(Lorg/gradle/internal/invocation/BuildAction;Lorg/gradle/internal/invocation/BuildController;)V+48
j  org.gradle.launcher.exec.ChainingBuildActionRunner.run(Lorg/gradle/internal/invocation/BuildAction;Lorg/gradle/internal/invocation/BuildController;)V+34
j  org.gradle.tooling.internal.provider.runner.RunAsBuildOperationBuildActionRunner$1.execute(Lorg/gradle/internal/operations/BuildOperationContext;)V+15
j  org.gradle.tooling.internal.provider.runner.RunAsBuildOperationBuildActionRunner$1.execute(Ljava/lang/Object;)V+5
j  org.gradle.internal.Transformers$4.transform(Ljava/lang/Object;)Ljava/lang/Object;+5
j  org.gradle.internal.progress.DefaultBuildOperationExecutor.run(Lorg/gradle/internal/progress/BuildOperationDetails;Lorg/gradle/api/Transformer;)Ljava/lang/Object;+276
j  org.gradle.internal.progress.DefaultBuildOperationExecutor.run(Ljava/lang/String;Lorg/gradle/api/Action;)V+12
j  org.gradle.tooling.internal.provider.runner.RunAsBuildOperationBuildActionRunner.run(Lorg/gradle/internal/invocation/BuildAction;Lorg/gradle/internal/invocation/BuildController;)V+16
j  org.gradle.tooling.internal.provider.runner.SubscribableBuildActionRunner.run(Lorg/gradle/internal/invocation/BuildAction;Lorg/gradle/internal/invocation/BuildController;)V+38
j  org.gradle.launcher.exec.ChainingBuildActionRunner.run(Lorg/gradle/internal/invocation/BuildAction;Lorg/gradle/internal/invocation/BuildController;)V+34
j  org.gradle.launcher.exec.InProcessBuildActionExecuter.execute(Lorg/gradle/internal/invocation/BuildAction;Lorg/gradle/initialization/BuildRequestContext;Lorg/gradle/launcher/exec/BuildActionParameters;Lorg/gradle/internal/service/ServiceRegistry;)Ljava/lang/Object;+64
j  org.gradle.launcher.exec.InProcessBuildActionExecuter.execute(Lorg/gradle/internal/invocation/BuildAction;Lorg/gradle/initialization/BuildRequestContext;Ljava/lang/Object;Lorg/gradle/internal/service/ServiceRegistry;)Ljava/lang/Object;+9
j  org.gradle.tooling.internal.provider.ContinuousBuildActionExecuter.execute(Lorg/gradle/internal/invocation/BuildAction;Lorg/gradle/initialization/BuildRequestContext;Lorg/gradle/launcher/exec/BuildActionParameters;Lorg/gradle/internal/service/ServiceRegistry;)Ljava/lang/Object;+28
j  org.gradle.tooling.internal.provider.ContinuousBuildActionExecuter.execute(Lorg/gradle/internal/invocation/BuildAction;Lorg/gradle/initialization/BuildRequestContext;Ljava/lang/Object;Lorg/gradle/internal/service/ServiceRegistry;)Ljava/lang/Object;+9
j  org.gradle.tooling.internal.provider.ServicesSetupBuildActionExecuter.execute(Lorg/gradle/internal/invocation/BuildAction;Lorg/gradle/initialization/BuildRequestContext;Lorg/gradle/launcher/exec/BuildActionParameters;Lorg/gradle/internal/service/ServiceRegistry;)Ljava/lang/Object;+52
j  org.gradle.tooling.internal.provider.ServicesSetupBuildActionExecuter.execute(Lorg/gradle/internal/invocation/BuildAction;Lorg/gradle/initialization/BuildRequestContext;Ljava/lang/Object;Lorg/gradle/internal/service/ServiceRegistry;)Ljava/lang/Object;+9
j  org.gradle.launcher.daemon.server.exec.ExecuteBuild.doBuild(Lorg/gradle/launcher/daemon/server/api/DaemonCommandExecution;Lorg/gradle/launcher/daemon/protocol/Build;)V+114
j  org.gradle.launcher.daemon.server.exec.BuildCommandOnly.execute(Lorg/gradle/launcher/daemon/server/api/DaemonCommandExecution;)V+49
j  org.gradle.launcher.daemon.server.api.DaemonCommandExecution.proceed()Z+28
j  org.gradle.launcher.daemon.server.exec.WatchForDisconnection.execute(Lorg/gradle/launcher/daemon/server/api/DaemonCommandExecution;)V+19
j  org.gradle.launcher.daemon.server.api.DaemonCommandExecution.proceed()Z+28
j  org.gradle.launcher.daemon.server.exec.ResetDeprecationLogger.execute(Lorg/gradle/launcher/daemon/server/api/DaemonCommandExecution;)V+4
j  org.gradle.launcher.daemon.server.api.DaemonCommandExecution.proceed()Z+28
j  org.gradle.launcher.daemon.server.exec.RequestStopIfSingleUsedDaemon.execute(Lorg/gradle/launcher/daemon/server/api/DaemonCommandExecution;)V+33
j  org.gradle.launcher.daemon.server.api.DaemonCommandExecution.proceed()Z+28
j  org.gradle.launcher.daemon.server.exec.ForwardClientInput$2.call()Ljava/lang/Void;+4
j  org.gradle.launcher.daemon.server.exec.ForwardClientInput$2.call()Ljava/lang/Object;+1
j  org.gradle.util.Swapper.swap(Ljava/lang/Object;Ljava/util/concurrent/Callable;)Ljava/lang/Object;+21
j  org.gradle.launcher.daemon.server.exec.ForwardClientInput.execute(Lorg/gradle/launcher/daemon/server/api/DaemonCommandExecution;)V+63
j  org.gradle.launcher.daemon.server.api.DaemonCommandExecution.proceed()Z+28
j  org.gradle.launcher.daemon.server.exec.LogAndCheckHealth.execute(Lorg/gradle/launcher/daemon/server/api/DaemonCommandExecution;)V+28
j  org.gradle.launcher.daemon.server.api.DaemonCommandExecution.proceed()Z+28
j  org.gradle.launcher.daemon.server.exec.LogToClient.doBuild(Lorg/gradle/launcher/daemon/server/api/DaemonCommandExecution;Lorg/gradle/launcher/daemon/protocol/Build;)V+87
j  org.gradle.launcher.daemon.server.exec.BuildCommandOnly.execute(Lorg/gradle/launcher/daemon/server/api/DaemonCommandExecution;)V+49
j  org.gradle.launcher.daemon.server.api.DaemonCommandExecution.proceed()Z+28
j  org.gradle.launcher.daemon.server.exec.EstablishBuildEnvironment.doBuild(Lorg/gradle/launcher/daemon/server/api/DaemonCommandExecution;Lorg/gradle/launcher/daemon/protocol/Build;)V+279
j  org.gradle.launcher.daemon.server.exec.BuildCommandOnly.execute(Lorg/gradle/launcher/daemon/server/api/DaemonCommandExecution;)V+49
j  org.gradle.launcher.daemon.server.api.DaemonCommandExecution.proceed()Z+28
j  org.gradle.launcher.daemon.server.exec.StartBuildOrRespondWithBusy$1.run()V+44
j  org.gradle.launcher.daemon.server.DaemonStateCoordinator$1.run()V+4
j  org.gradle.internal.concurrent.ExecutorPolicy$CatchAndRecordFailures.onExecute(Ljava/lang/Runnable;)V+1
j  org.gradle.internal.concurrent.StoppableExecutorImpl$1.run()V+25
j  java.util.concurrent.ThreadPoolExecutor.runWorker(Ljava/util/concurrent/ThreadPoolExecutor$Worker;)V+95
j  java.util.concurrent.ThreadPoolExecutor$Worker.run()V+5
j  java.lang.Thread.run()V+11
v  ~StubRoutines::call_stub

---------------  P R O C E S S  ---------------

Java Threads: ( => current thread )
  0x00007fcb08008800 JavaThread "Stdin handler" [_thread_blocked, id=10082, stack(0x00007fcb03dfe000,0x00007fcb03eff000)]
  0x00007fcb08007800 JavaThread "Asynchronous log dispatcher for DefaultDaemonConnection: socket connection from /127.0.0.1:43168 to /127.0.0.1:53084" [_thread_blocked, id=10079, stack(0x00007fcb03eff000,0x00007fcb04000000)]
=>0x00007fcb0c009000 JavaThread "Daemon worker" [_thread_in_vm, id=10078, stack(0x00007fcb40051000,0x00007fcb40152000)]
  0x00007fcb0c006000 JavaThread "Cancel handler" [_thread_blocked, id=10077, stack(0x00007fcb40152000,0x00007fcb40253000)]
  0x00007fcb0c007800 JavaThread "Handler for socket connection from /127.0.0.1:43168 to /127.0.0.1:53084" [_thread_in_native, id=10076, stack(0x00007fcb40253000,0x00007fcb40354000)]
  0x00007fcb14034800 JavaThread "Daemon" [_thread_blocked, id=10075, stack(0x00007fcb40354000,0x00007fcb40455000)]
  0x00007fcb68cac800 JavaThread "pool-1-thread-1" [_thread_blocked, id=10074, stack(0x00007fcb40455000,0x00007fcb40556000)]
  0x00007fcb68c4f800 JavaThread "Incoming local TCP Connector on port 43168" [_thread_in_native, id=10073, stack(0x00007fcb4095d000,0x00007fcb40a5e000)]
  0x00007fcb680bf800 JavaThread "Service Thread" daemon [_thread_blocked, id=10057, stack(0x00007fcb42215000,0x00007fcb42316000)]
  0x00007fcb680bc800 JavaThread "C1 CompilerThread2" daemon [_thread_blocked, id=10056, stack(0x00007fcb42316000,0x00007fcb42417000)]
  0x00007fcb680ba800 JavaThread "C2 CompilerThread1" daemon [_thread_in_native, id=10055, stack(0x00007fcb42417000,0x00007fcb42518000)]
  0x00007fcb680b7800 JavaThread "C2 CompilerThread0" daemon [_thread_in_vm, id=10054, stack(0x00007fcb42518000,0x00007fcb42619000)]
  0x00007fcb680b6000 JavaThread "Signal Dispatcher" daemon [_thread_blocked, id=10053, stack(0x00007fcb42619000,0x00007fcb4271a000)]
  0x00007fcb68083800 JavaThread "Finalizer" daemon [_thread_blocked, id=10052, stack(0x00007fcb429f2000,0x00007fcb42af3000)]
  0x00007fcb6807f000 JavaThread "Reference Handler" daemon [_thread_blocked, id=10051, stack(0x00007fcb42af3000,0x00007fcb42bf4000)]
  0x00007fcb6800a000 JavaThread "main" [_thread_blocked, id=10043, stack(0x00007fcb6e4a8000,0x00007fcb6e5a9000)]

Other Threads:
  0x00007fcb68077800 VMThread [stack: 0x00007fcb42bf4000,0x00007fcb42cf5000] [id=10050]
  0x00007fcb680c2000 WatcherThread [stack: 0x00007fcb42114000,0x00007fcb42215000] [id=10058]

VM state:not at safepoint (normal execution)

VM Mutex/Monitor currently owned by a thread: None

Heap:
 PSYoungGen      total 74752K, used 46018K [0x00000000e0000000, 0x00000000e9200000, 0x0000000100000000)
  eden space 64512K, 59% used [0x00000000e0000000,0x00000000e2540bb0,0x00000000e3f00000)
  from space 10240K, 76% used [0x00000000e3f00000,0x00000000e46afd70,0x00000000e4900000)
  to   space 10240K, 0% used [0x00000000e8800000,0x00000000e8800000,0x00000000e9200000)
 ParOldGen       total 171008K, used 16K [0x00000000a0000000, 0x00000000aa700000, 0x00000000e0000000)
  object space 171008K, 0% used [0x00000000a0000000,0x00000000a0004000,0x00000000aa700000)
 Metaspace       used 15753K, capacity 16060K, committed 16256K, reserved 1062912K
  class space    used 2215K, capacity 2315K, committed 2432K, reserved 1048576K

Card table byte_map: [0x00007fcb57ee3000,0x00007fcb581e4000] byte_map_base: 0x00007fcb579e3000

Marking Bits: (ParMarkBitMap*) 0x00007fcb6d978340
 Begin Bits: [0x00007fcb549e0000, 0x00007fcb561e0000)
 End Bits:   [0x00007fcb561e0000, 0x00007fcb579e0000)

Polling page: 0x00007fcb6e5cb000

CodeCache: size=245760Kb used=3975Kb max_used=3975Kb free=241784Kb
 bounds [0x00007fcb585a4000, 0x00007fcb58994000, 0x00007fcb675a4000]
 total_blobs=1550 nmethods=1175 adapters=290
 compilation: enabled

Compilation events (10 events):
Event: 0.960 Thread 0x00007fcb680bc800 1172       3       org.gradle.internal.service.DefaultServiceRegistry$RelevantMethodsBuilder::add (31 bytes)
Event: 0.960 Thread 0x00007fcb680bc800 nmethod 1172 0x00007fcb58982190 code [0x00007fcb58982320, 0x00007fcb589827a8]
Event: 0.960 Thread 0x00007fcb680bc800 1173       3       java.util.LinkedList$ListItr::remove (84 bytes)
Event: 0.961 Thread 0x00007fcb680bc800 nmethod 1173 0x00007fcb58980ad0 code [0x00007fcb58980c80, 0x00007fcb589811a8]
Event: 0.961 Thread 0x00007fcb680bc800 1174       3       org.gradle.internal.service.DefaultServiceRegistry$FactoryMethodService::<init> (25 bytes)
Event: 0.961 Thread 0x00007fcb680b7800 1175       4       sun.reflect.generics.parser.SignatureParser::advance (37 bytes)
Event: 0.961 Thread 0x00007fcb680b7800 nmethod 1175 0x00007fcb589832d0 code [0x00007fcb58983420, 0x00007fcb58983478]
Event: 0.961 Thread 0x00007fcb680bc800 nmethod 1174 0x00007fcb58989710 code [0x00007fcb58989980, 0x00007fcb5898ac08]
Event: 0.962 Thread 0x00007fcb680b7800 1176       4       java.net.URLClassLoader$1::run (5 bytes)
Event: 0.970 Thread 0x00007fcb680bc800 1177       3       java.util.regex.Pattern$Branch::match (66 bytes)

GC Heap History (2 events):
Event: 0.656 GC heap before
{Heap before GC invocations=1 (full 0):
 PSYoungGen      total 74752K, used 64512K [0x00000000e0000000, 0x00000000e5300000, 0x0000000100000000)
  eden space 64512K, 100% used [0x00000000e0000000,0x00000000e3f00000,0x00000000e3f00000)
  from space 10240K, 0% used [0x00000000e4900000,0x00000000e4900000,0x00000000e5300000)
  to   space 10240K, 0% used [0x00000000e3f00000,0x00000000e3f00000,0x00000000e4900000)
 ParOldGen       total 171008K, used 0K [0x00000000a0000000, 0x00000000aa700000, 0x00000000e0000000)
  object space 171008K, 0% used [0x00000000a0000000,0x00000000a0000000,0x00000000aa700000)
 Metaspace       used 12067K, capacity 12428K, committed 12544K, reserved 1060864K
  class space    used 1592K, capacity 1731K, committed 1792K, reserved 1048576K
Event: 0.669 GC heap after
Heap after GC invocations=1 (full 0):
 PSYoungGen      total 74752K, used 7871K [0x00000000e0000000, 0x00000000e9200000, 0x0000000100000000)
  eden space 64512K, 0% used [0x00000000e0000000,0x00000000e0000000,0x00000000e3f00000)
  from space 10240K, 76% used [0x00000000e3f00000,0x00000000e46afd70,0x00000000e4900000)
  to   space 10240K, 0% used [0x00000000e8800000,0x00000000e8800000,0x00000000e9200000)
 ParOldGen       total 171008K, used 16K [0x00000000a0000000, 0x00000000aa700000, 0x00000000e0000000)
  object space 171008K, 0% used [0x00000000a0000000,0x00000000a0004000,0x00000000aa700000)
 Metaspace       used 12067K, capacity 12428K, committed 12544K, reserved 1060864K
  class space    used 1592K, capacity 1731K, committed 1792K, reserved 1048576K
}

Deoptimization events (10 events):
Event: 0.504 Thread 0x00007fcb6800a000 Uncommon trap: reason=unstable_if action=reinterpret pc=0x00007fcb5883ab0c method=java.lang.String.substring(I)Ljava/lang/String; @ 35
Event: 0.563 Thread 0x00007fcb6800a000 Uncommon trap: reason=unstable_if action=reinterpret pc=0x00007fcb58832c34 method=java.util.LinkedHashMap.afterNodeInsertion(Z)V @ 1
Event: 0.567 Thread 0x00007fcb6800a000 Uncommon trap: reason=class_check action=maybe_recompile pc=0x00007fcb58806790 method=java.util.HashMap.putVal(ILjava/lang/Object;Ljava/lang/Object;ZZ)Ljava/lang/Object; @ 203
Event: 0.574 Thread 0x00007fcb6800a000 Uncommon trap: reason=class_check action=maybe_recompile pc=0x00007fcb58806790 method=java.util.HashMap.putVal(ILjava/lang/Object;Ljava/lang/Object;ZZ)Ljava/lang/Object; @ 203
Event: 0.580 Thread 0x00007fcb6800a000 Uncommon trap: reason=unstable_if action=reinterpret pc=0x00007fcb587d67cc method=sun.misc.MetaIndex.mayContain(Ljava/lang/String;)Z @ 38
Event: 0.586 Thread 0x00007fcb6800a000 Uncommon trap: reason=class_check action=maybe_recompile pc=0x00007fcb587f8128 method=java.util.regex.Matcher.match(II)Z @ 86
Event: 0.586 Thread 0x00007fcb6800a000 Uncommon trap: reason=class_check action=maybe_recompile pc=0x00007fcb587f8128 method=java.util.regex.Matcher.match(II)Z @ 86
Event: 0.623 Thread 0x00007fcb0c007800 Uncommon trap: reason=unstable_if action=reinterpret pc=0x00007fcb5883d9f8 method=java.lang.ThreadLocal$ThreadLocalMap.getEntry(Ljava/lang/ThreadLocal;)Ljava/lang/ThreadLocal$ThreadLocalMap$Entry; @ 29
Event: 0.623 Thread 0x00007fcb0c007800 Uncommon trap: reason=unstable_if action=reinterpret pc=0x00007fcb5883be58 method=java.lang.ThreadLocal$ThreadLocalMap.getEntry(Ljava/lang/ThreadLocal;)Ljava/lang/ThreadLocal$ThreadLocalMap$Entry; @ 29
Event: 0.674 Thread 0x00007fcb0c009000 Uncommon trap: reason=unstable_if action=reinterpret pc=0x00007fcb588a65bc method=java.lang.ref.SoftReference.get()Ljava/lang/Object; @ 17

Internal exceptions (10 events):
Event: 0.646 Thread 0x00007fcb0c007800 Exception <a 'java/lang/NoSuchMethodError': <clinit>> (0x00000000e3d0d2a8) thrown at [/ssd/Android/AOSP-openjdk/external/jetbrains/jdk/hotspot/src/share/vm/prims/jni.cpp, line 1613]
Event: 0.675 Thread 0x00007fcb0c009000 Exception <a 'java/lang/NoSuchMethodError': <clinit>> (0x00000000e000ccd8) thrown at [/ssd/Android/AOSP-openjdk/external/jetbrains/jdk/hotspot/src/share/vm/prims/jni.cpp, line 1613]
Event: 0.675 Thread 0x00007fcb0c009000 Exception <a 'java/lang/NoSuchMethodError': <clinit>> (0x00000000e0014f60) thrown at [/ssd/Android/AOSP-openjdk/external/jetbrains/jdk/hotspot/src/share/vm/prims/jni.cpp, line 1613]
Event: 0.698 Thread 0x00007fcb0c009000 Exception <a 'java/lang/ArrayIndexOutOfBoundsException'> (0x00000000e03ae068) thrown at [/ssd/Android/AOSP-openjdk/external/jetbrains/jdk/hotspot/src/share/vm/runtime/sharedRuntime.cpp, line 605]
Event: 0.712 Thread 0x00007fcb0c009000 Exception <a 'java/lang/ArrayIndexOutOfBoundsException'> (0x00000000e047df00) thrown at [/ssd/Android/AOSP-openjdk/external/jetbrains/jdk/hotspot/src/share/vm/runtime/sharedRuntime.cpp, line 605]
Event: 0.713 Thread 0x00007fcb0c009000 Exception <a 'java/lang/ArrayIndexOutOfBoundsException'> (0x00000000e04a6188) thrown at [/ssd/Android/AOSP-openjdk/external/jetbrains/jdk/hotspot/src/share/vm/runtime/sharedRuntime.cpp, line 605]
Event: 0.950 Thread 0x00007fcb0c009000 Exception <a 'java/lang/NoSuchMethodError': <clinit>> (0x00000000e21a1860) thrown at [/ssd/Android/AOSP-openjdk/external/jetbrains/jdk/hotspot/src/share/vm/prims/jni.cpp, line 1613]
Event: 0.950 Thread 0x00007fcb0c009000 Exception <a 'java/lang/NoSuchMethodError': <clinit>> (0x00000000e21a4030) thrown at [/ssd/Android/AOSP-openjdk/external/jetbrains/jdk/hotspot/src/share/vm/prims/jni.cpp, line 1613]
Event: 0.951 Thread 0x00007fcb0c009000 Exception <a 'java/lang/NoSuchMethodError': <clinit>> (0x00000000e21b0310) thrown at [/ssd/Android/AOSP-openjdk/external/jetbrains/jdk/hotspot/src/share/vm/prims/jni.cpp, line 1613]
Event: 0.951 Thread 0x00007fcb0c009000 Exception <a 'java/lang/NoSuchMethodError': <clinit>> (0x00000000e21ba950) thrown at [/ssd/Android/AOSP-openjdk/external/jetbrains/jdk/hotspot/src/share/vm/prims/jni.cpp, line 1613]

Events (10 events):
Event: 0.970 loading class com/google/common/io/ByteArrayDataInput
Event: 0.970 loading class com/google/common/io/ByteArrayDataInput done
Event: 0.970 loading class org/gradle/api/internal/changedetection/state/CachingFileHasher$FileInfo
Event: 0.970 loading class org/gradle/api/internal/changedetection/state/CachingFileHasher$FileInfo done
Event: 0.971 loading class sun/net/ProgressMonitor
Event: 0.971 loading class sun/net/ProgressMonitor done
Event: 0.971 loading class sun/net/DefaultProgressMeteringPolicy
Event: 0.971 loading class sun/net/ProgressMeteringPolicy
Event: 0.971 loading class sun/net/ProgressMeteringPolicy done
Event: 0.971 loading class sun/net/DefaultProgressMeteringPolicy done


Dynamic libraries:
00400000-00401000 r-xp 00000000 08:01 919802                             /home/bobby/android-studio/jre/bin/java
00600000-00601000 r--p 00000000 08:01 919802                             /home/bobby/android-studio/jre/bin/java
00601000-00602000 rw-p 00001000 08:01 919802                             /home/bobby/android-studio/jre/bin/java
00777000-00798000 rw-p 00000000 00:00 0                                  [heap]
a0000000-aa700000 rw-p 00000000 00:00 0 
aa700000-e0000000 ---p 00000000 00:00 0 
e0000000-e9200000 rw-p 00000000 00:00 0 
e9200000-100000000 ---p 00000000 00:00 0 
100000000-100260000 rw-p 00000000 00:00 0 
100260000-140000000 ---p 00000000 00:00 0 
7fcaf4000000-7fcaf4021000 rw-p 00000000 00:00 0 
7fcaf4021000-7fcaf8000000 ---p 00000000 00:00 0 
7fcafc000000-7fcafc021000 rw-p 00000000 00:00 0 
7fcafc021000-7fcb00000000 ---p 00000000 00:00 0 
7fcb03b85000-7fcb03bfe000 r--s 010ed000 08:01 787897                     /home/bobby/android-studio/jre/lib/tools.jar
7fcb03bfe000-7fcb03d7e000 rw-p 00000000 00:00 0 
7fcb03d7e000-7fcb03dfe000 ---p 00000000 00:00 0 
7fcb03dfe000-7fcb03e01000 ---p 00000000 00:00 0 
7fcb03e01000-7fcb03eff000 rw-p 00000000 00:00 0 
7fcb03eff000-7fcb03f02000 ---p 00000000 00:00 0 
7fcb03f02000-7fcb04000000 rw-p 00000000 00:00 0 
7fcb04000000-7fcb04021000 rw-p 00000000 00:00 0 
7fcb04021000-7fcb08000000 ---p 00000000 00:00 0 
7fcb08000000-7fcb08687000 rw-p 00000000 00:00 0 
7fcb08687000-7fcb0c000000 ---p 00000000 00:00 0 
7fcb0c000000-7fcb0c021000 rw-p 00000000 00:00 0 
7fcb0c021000-7fcb10000000 ---p 00000000 00:00 0 
7fcb10000000-7fcb10021000 rw-p 00000000 00:00 0 
7fcb10021000-7fcb14000000 ---p 00000000 00:00 0 
7fcb14000000-7fcb1406d000 rw-p 00000000 00:00 0 
7fcb1406d000-7fcb18000000 ---p 00000000 00:00 0 
7fcb18000000-7fcb18021000 rw-p 00000000 00:00 0 
7fcb18021000-7fcb1c000000 ---p 00000000 00:00 0 
7fcb1c000000-7fcb1c021000 rw-p 00000000 00:00 0 
7fcb1c021000-7fcb20000000 ---p 00000000 00:00 0 
7fcb20000000-7fcb20021000 rw-p 00000000 00:00 0 
7fcb20021000-7fcb24000000 ---p 00000000 00:00 0 
7fcb24000000-7fcb2484d000 rw-p 00000000 00:00 0 
7fcb2484d000-7fcb28000000 ---p 00000000 00:00 0 
7fcb28000000-7fcb283c7000 rw-p 00000000 00:00 0 
7fcb283c7000-7fcb2c000000 ---p 00000000 00:00 0 
7fcb2c000000-7fcb2c021000 rw-p 00000000 00:00 0 
7fcb2c021000-7fcb30000000 ---p 00000000 00:00 0 
7fcb30000000-7fcb3065a000 rw-p 00000000 00:00 0 
7fcb3065a000-7fcb34000000 ---p 00000000 00:00 0 
7fcb34000000-7fcb34021000 rw-p 00000000 00:00 0 
7fcb34021000-7fcb38000000 ---p 00000000 00:00 0 
7fcb38000000-7fcb38021000 rw-p 00000000 00:00 0 
7fcb38021000-7fcb3c000000 ---p 00000000 00:00 0 
7fcb3c000000-7fcb3c021000 rw-p 00000000 00:00 0 
7fcb3c021000-7fcb40000000 ---p 00000000 00:00 0 
7fcb40051000-7fcb40054000 ---p 00000000 00:00 0 
7fcb40054000-7fcb40152000 rw-p 00000000 00:00 0 
7fcb40152000-7fcb40155000 ---p 00000000 00:00 0 
7fcb40155000-7fcb40253000 rw-p 00000000 00:00 0 
7fcb40253000-7fcb40256000 ---p 00000000 00:00 0 
7fcb40256000-7fcb40354000 rw-p 00000000 00:00 0 
7fcb40354000-7fcb40357000 ---p 00000000 00:00 0 
7fcb40357000-7fcb40455000 rw-p 00000000 00:00 0 
7fcb40455000-7fcb40458000 ---p 00000000 00:00 0 
7fcb40458000-7fcb40756000 rw-p 00000000 00:00 0 
7fcb40756000-7fcb4075d000 r--s 00000000 08:01 24909268                   /usr/lib/x86_64-linux-gnu/gconv/gconv-modules.cache
7fcb4075d000-7fcb4095d000 rw-p 00000000 00:00 0 
7fcb4095d000-7fcb40960000 ---p 00000000 00:00 0 
7fcb40960000-7fcb40a5e000 rw-p 00000000 00:00 0 
7fcb40a5e000-7fcb40a67000 r-xp 00000000 08:01 919907                     /home/bobby/android-studio/jre/jre/lib/amd64/libmanagement.so
7fcb40a67000-7fcb40c66000 ---p 00009000 08:01 919907                     /home/bobby/android-studio/jre/jre/lib/amd64/libmanagement.so
7fcb40c66000-7fcb40c67000 r--p 00008000 08:01 919907                     /home/bobby/android-studio/jre/jre/lib/amd64/libmanagement.so
7fcb40c67000-7fcb40c68000 rw-p 00009000 08:01 919907                     /home/bobby/android-studio/jre/jre/lib/amd64/libmanagement.so
7fcb40c68000-7fcb40c6d000 r--s 00098000 08:01 919861                     /home/bobby/android-studio/jre/jre/lib/jsse.jar
7fcb40c6d000-7fcb40c6f000 r--s 00007000 08:01 5771193                    /home/bobby/.gradle/wrapper/dists/gradle-3.3-all/55gk2rcmfc6p2dg9u9ohc3hw9/gradle-3.3/lib/plugins/gradle-tooling-api-builders-3.3.jar
7fcb40c6f000-7fcb40c72000 r--s 00009000 08:01 5771186                    /home/bobby/.gradle/wrapper/dists/gradle-3.3-all/55gk2rcmfc6p2dg9u9ohc3hw9/gradle-3.3/lib/plugins/gradle-testing-native-3.3.jar
7fcb40c72000-7fcb40c78000 r--s 00033000 08:01 5771261                    /home/bobby/.gradle/wrapper/dists/gradle-3.3-all/55gk2rcmfc6p2dg9u9ohc3hw9/gradle-3.3/lib/plugins/snakeyaml-1.6.jar
7fcb40c78000-7fcb40c7a000 r--s 00006000 08:01 5771260                    /home/bobby/.gradle/wrapper/dists/gradle-3.3-all/55gk2rcmfc6p2dg9u9ohc3hw9/gradle-3.3/lib/plugins/jcommander-1.12.jar
7fcb40c7a000-7fcb40c7f000 r--s 00040000 08:01 5771259                    /home/bobby/.gradle/wrapper/dists/gradle-3.3-all/55gk2rcmfc6p2dg9u9ohc3hw9/gradle-3.3/lib/plugins/bsh-2.0b4.jar
7fcb40c7f000-7fcb40c81000 r--s 00009000 08:01 5771267                    /home/bobby/.gradle/wrapper/dists/gradle-3.3-all/55gk2rcmfc6p2dg9u9ohc3hw9/gradle-3.3/lib/plugins/hamcrest-core-1.3.jar
7fcb40c81000-7fcb40c8a000 r--s 00089000 08:01 5771218                    /home/bobby/.gradle/wrapper/dists/gradle-3.3-all/55gk2rcmfc6p2dg9u9ohc3hw9/gradle-3.3/lib/plugins/testng-6.3.1.jar
7fcb40c8a000-7fcb40c92000 r--s 00045000 08:01 5771217                    /home/bobby/.gradle/wrapper/dists/gradle-3.3-all/55gk2rcmfc6p2dg9u9ohc3hw9/gradle-3.3/lib/plugins/junit-4.12.jar
7fcb40c92000-7fcb40c98000 r--s 0002e000 08:01 5771187                    /home/bobby/.gradle/wrapper/dists/gradle-3.3-all/55gk2rcmfc6p2dg9u9ohc3hw9/gradle-3.3/lib/plugins/gradle-testing-jvm-3.3.jar
7fcb40c98000-7fcb40c9c000 r--s 00016000 08:01 5771185                    /home/bobby/.gradle/wrapper/dists/gradle-3.3-all/55gk2rcmfc6p2dg9u9ohc3hw9/gradle-3.3/lib/plugins/gradle-testing-base-3.3.jar
7fcb40c9c000-7fcb40ca3000 r--s 00038000 08:01 5771212                    /home/bobby/.gradle/wrapper/dists/gradle-3.3-all/55gk2rcmfc6p2dg9u9ohc3hw9/gradle-3.3/lib/plugins/bcpg-jdk15on-1.51.jar
7fcb40ca3000-7fcb40ca5000 r--s 0000c000 08:01 5771164                    /home/bobby/.gradle/wrapper/dists/gradle-3.3-all/55gk2rcmfc6p2dg9u9ohc3hw9/gradle-3.3/lib/plugins/gradle-signing-3.3.jar
7fcb40ca5000-7fcb40ca7000 r--s 00007000 08:01 5771163                    /home/bobby/.gradle/wrapper/dists/gradle-3.3-all/55gk2rcmfc6p2dg9u9ohc3hw9/gradle-3.3/lib/plugins/gradle-scala-3.3.jar
7fcb40ca7000-7fcb40ca8000 r--s 00004000 08:01 5771191                    /home/bobby/.gradle/wrapper/dists/gradle-3.3-all/55gk2rcmfc6p2dg9u9ohc3hw9/gradle-3.3/lib/plugins/gradle-resources-sftp-3.3.jar
7fcb40ca8000-7fcb40cb8000 r--s 00088000 08:01 5771228                    /home/bobby/.gradle/wrapper/dists/gradle-3.3-all/55gk2rcmfc6p2dg9u9ohc3hw9/gradle-3.3/lib/plugins/joda-time-2.8.2.jar
7fcb40cb8000-7fcb40cc9000 r--s 0010d000 08:01 5771227                    /home/bobby/.gradle/wrapper/dists/gradle-3.3-all/55gk2rcmfc6p2dg9u9ohc3hw9/gradle-3.3/lib/plugins/jackson-databind-2.6.6.jar
7fcb40cc9000-7fcb40ccc000 r--s 00009000 08:01 5771226                    /home/bobby/.gradle/wrapper/dists/gradle-3.3-all/55gk2rcmfc6p2dg9u9ohc3hw9/gradle-3.3/lib/plugins/jackson-annotations-2.6.6.jar
7fcb40ccc000-7fcb40cd0000 r--s 0003c000 08:01 5771225                    /home/bobby/.gradle/wrapper/dists/gradle-3.3-all/55gk2rcmfc6p2dg9u9ohc3hw9/gradle-3.3/lib/plugins/jackson-core-2.6.6.jar
7fcb40cd0000-7fcb40cde000 r--s 00087000 08:01 5771224                    /home/bobby/.gradle/wrapper/dists/gradle-3.3-all/55gk2rcmfc6p2dg9u9ohc3hw9/gradle-3.3/lib/plugins/aws-java-sdk-core-1.11.6.jar
7fcb40cde000-7fcb40ce5000 r--s 00057000 08:01 5771223                    /home/bobby/.gradle/wrapper/dists/gradle-3.3-all/55gk2rcmfc6p2dg9u9ohc3hw9/gradle-3.3/lib/plugins/aws-java-sdk-kms-1.11.6.jar
7fcb40ce5000-7fcb40cf2000 r--s 0008e000 08:01 5771222                    /home/bobby/.gradle/wrapper/dists/gradle-3.3-all/55gk2rcmfc6p2dg9u9ohc3hw9/gradle-3.3/lib/plugins/aws-java-sdk-s3-1.11.6.jar
7fcb40cf2000-7fcb40cf4000 r--s 00004000 08:01 5771192                    /home/bobby/.gradle/wrapper/dists/gradle-3.3-all/55gk2rcmfc6p2dg9u9ohc3hw9/gradle-3.3/lib/plugins/gradle-resources-s3-3.3.jar
7fcb40cf4000-7fcb40cf6000 r--s 00005000 08:01 5771216                    /home/bobby/.gradle/wrapper/dists/gradle-3.3-all/55gk2rcmfc6p2dg9u9ohc3hw9/gradle-3.3/lib/plugins/jatl-0.2.2.jar
7fcb40cf6000-7fcb40cf8000 r--s 0000f000 08:01 5771169                    /home/bobby/.gradle/wrapper/dists/gradle-3.3-all/55gk2rcmfc6p2dg9u9ohc3hw9/gradle-3.3/lib/plugins/gradle-reporting-3.3.jar
7fcb40cf8000-7fcb40cfa000 r--s 00002000 08:01 5771170                    /home/bobby/.gradle/wrapper/dists/gradle-3.3-all/55gk2rcmfc6p2dg9u9ohc3hw9/gradle-3.3/lib/plugins/gradle-publish-3.3.jar
7fcb40cfa000-7fcb40cfc000 r--s 00009000 08:01 5771199                    /home/bobby/.gradle/wrapper/dists/gradle-3.3-all/55gk2rcmfc6p2dg9u9ohc3hw9/gradle-3.3/lib/plugins/commons-cli-1.2.jar
7fcb40cfc000-7fcb40d02000 r--s 00031000 08:01 5771155                    /home/bobby/.gradle/wrapper/dists/gradle-3.3-all/55gk2rcmfc6p2dg9u9ohc3hw9/gradle-3.3/lib/plugins/gradle-plugins-3.3.jar
7fcb40d02000-7fcb40d04000 r--s 00009000 08:01 5771188                    /home/bobby/.gradle/wrapper/dists/gradle-3.3-all/55gk2rcmfc6p2dg9u9ohc3hw9/gradle-3.3/lib/plugins/gradle-plugin-development-3.3.jar
7fcb40d04000-7fcb40d0a000 r--s 0002b000 08:01 5771181                    /home/bobby/.gradle/wrapper/dists/gradle-3.3-all/55gk2rcmfc6p2dg9u9ohc3hw9/gradle-3.3/lib/plugins/gradle-platform-play-3.3.jar
7fcb40d0a000-7fcb40d18000 r--s 00055000 08:01 5771180                    /home/bobby/.gradle/wrapper/dists/gradle-3.3-all/55gk2rcmfc6p2dg9u9ohc3hw9/gradle-3.3/lib/plugins/gradle-platform-native-3.3.jar
7fcb40d18000-7fcb40d1d000 r--s 0001f000 08:01 5771175                    /home/bobby/.gradle/wrapper/dists/gradle-3.3-all/55gk2rcmfc6p2dg9u9ohc3hw9/gradle-3.3/lib/plugins/gradle-platform-jvm-3.3.jar
7fcb40d1d000-7fcb40d25000 r--s 00027000 08:01 5771174                    /home/bobby/.gradle/wrapper/dists/gradle-3.3-all/55gk2rcmfc6p2dg9u9ohc3hw9/gradle-3.3/lib/plugins/gradle-platform-base-3.3.jar
7fcb40d25000-7fcb40d4d000 r--s 0021c000 08:01 5771207                    /home/bobby/.gradle/wrapper/dists/gradle-3.3-all/55gk2rcmfc6p2dg9u9ohc3hw9/gradle-3.3/lib/plugins/biz.aQute.bndlib-3.2.0.jar
7fcb40d4d000-7fcb40d4f000 r--s 00003000 08:01 5771159                    /home/bobby/.gradle/wrapper/dists/gradle-3.3-all/55gk2rcmfc6p2dg9u9ohc3hw9/gradle-3.3/lib/plugins/gradle-osgi-3.3.jar
7fcb40d4f000-7fcb40d52000 r--s 0000c000 08:01 5771210                    /home/bobby/.gradle/wrapper/dists/gradle-3.3-all/55gk2rcmfc6p2dg9u9ohc3hw9/gradle-3.3/lib/plugins/pmaven-groovy-0.8-20100325.jar
7fcb40d52000-7fcb40d53000 r--s 00004000 08:01 5771209                    /home/bobby/.gradle/wrapper/dists/gradle-3.3-all/55gk2rcmfc6p2dg9u9ohc3hw9/gradle-3.3/lib/plugins/pmaven-common-0.8-20100325.jar
7fcb40d53000-7fcb40d59000 r--s 00023000 08:01 5771160                    /home/bobby/.gradle/wrapper/dists/gradle-3.3-all/55gk2rcmfc6p2dg9u9ohc3hw9/gradle-3.3/lib/plugins/gradle-maven-3.3.jar
7fcb40d59000-7fcb40d5c000 r--s 0000b000 08:01 5771179                    /home/bobby/.gradle/wrapper/dists/gradle-3.3-all/55gk2rcmfc6p2dg9u9ohc3hw9/gradle-3.3/lib/plugins/gradle-language-scala-3.3.jar
7fcb40d5c000-7fcb40d62000 r--s 0001a000 08:01 5771183                    /home/bobby/.gradle/wrapper/dists/gradle-3.3-all/55gk2rcmfc6p2dg9u9ohc3hw9/gradle-3.3/lib/plugins/gradle-language-native-3.3.jar
7fcb40d62000-7fcb40d65000 r--s 00005000 08:01 5771176                    /home/bobby/.gradle/wrapper/dists/gradle-3.3-all/55gk2rcmfc6p2dg9u9ohc3hw9/gradle-3.3/lib/plugins/gradle-language-jvm-3.3.jar
7fcb40d65000-7fcb40d6b000 r--s 00027000 08:01 5771177                    /home/bobby/.gradle/wrapper/dists/gradle-3.3-all/55gk2rcmfc6p2dg9u9ohc3hw9/gradle-3.3/lib/plugins/gradle-language-java-3.3.jar
7fcb40d6b000-7fcb40d6d000 r--s 0000a000 08:01 5771178                    /home/bobby/.gradle/wrapper/dists/gradle-3.3-all/55gk2rcmfc6p2dg9u9ohc3hw9/gradle-3.3/lib/plugins/gradle-language-groovy-3.3.jar
7fcb40d6d000-7fcb40d70000 r--s 0001e000 08:01 5771234                    /home/bobby/.gradle/wrapper/dists/gradle-3.3-all/55gk2rcmfc6p2dg9u9ohc3hw9/gradle-3.3/lib/plugins/jsp-api-2.1-6.1.14.jar
7fcb40d70000-7fcb40d93000 r--s 00344000 08:01 5771233                    /home/bobby/.gradle/wrapper/dists/gradle-3.3-all/55gk2rcmfc6p2dg9u9ohc3hw9/gradle-3.3/lib/plugins/core-3.1.1.jar
7fcb40d93000-7fcb40d94000 r--s 00006000 08:01 5771232                    /home/bobby/.gradle/wrapper/dists/gradle-3.3-all/55gk2rcmfc6p2dg9u9ohc3hw9/gradle-3.3/lib/plugins/jetty-naming-6.1.26.jar
7fcb40d94000-7fcb40d95000 r--s 00002000 08:01 5771206                    /home/bobby/.gradle/wrapper/dists/gradle-3.3-all/55gk2rcmfc6p2dg9u9ohc3hw9/gradle-3.3/lib/plugins/geronimo-annotation_1.0_spec-1.0.jar
7fcb40d95000-7fcb40d97000 r--s 00002000 08:01 5771205                    /home/bobby/.gradle/wrapper/dists/gradle-3.3-all/55gk2rcmfc6p2dg9u9ohc3hw9/gradle-3.3/lib/plugins/jetty-annotations-6.1.26.jar
7fcb40d97000-7fcb40da8000 r--s 000ea000 08:01 5771204                    /home/bobby/.gradle/wrapper/dists/gradle-3.3-all/55gk2rcmfc6p2dg9u9ohc3hw9/gradle-3.3/lib/plugins/jsp-2.1-6.1.14.jar
7fcb40da8000-7fcb40daa000 r--s 0000d000 08:01 5771203                    /home/bobby/.gradle/wrapper/dists/gradle-3.3-all/55gk2rcmfc6p2dg9u9ohc3hw9/gradle-3.3/lib/plugins/jetty-plus-6.1.26.jar
7fcb40daa000-7fcb40dac000 r--s 0001f000 08:01 5771202                    /home/bobby/.gradle/wrapper/dists/gradle-3.3-all/55gk2rcmfc6p2dg9u9ohc3hw9/gradle-3.3/lib/plugins/servlet-api-2.5-20081211.jar
7fcb40dac000-7fcb40db0000 r--s 00028000 08:01 5771201                    /home/bobby/.gradle/wrapper/dists/gradle-3.3-all/55gk2rcmfc6p2dg9u9ohc3hw9/gradle-3.3/lib/plugins/jetty-util-6.1.26.jar
7fcb40db0000-7fcb40db7000 r--s 0007d000 08:01 5771200                    /home/bobby/.gradle/wrapper/dists/gradle-3.3-all/55gk2rcmfc6p2dg9u9ohc3hw9/gradle-3.3/lib/plugins/jetty-6.1.26.jar
7fcb40db7000-7fcb40db9000 r--s 0000a000 08:01 5771157                    /home/bobby/.gradle/wrapper/dists/gradle-3.3-all/55gk2rcmfc6p2dg9u9ohc3hw9/gradle-3.3/lib/plugins/gradle-jetty-3.3.jar
7fcb40db9000-7fcb40dc0000 r--s 00035000 08:01 5771215                    /home/bobby/.gradle/wrapper/dists/gradle-3.3-all/55gk2rcmfc6p2dg9u9ohc3hw9/gradle-3.3/lib/plugins/simple-4.1.21.jar
7fcb40dc0000-7fcb40dcc000 r--s 00100000 08:01 5771213                    /home/bobby/.gradle/wrapper/dists/gradle-3.3-all/55gk2rcmfc6p2dg9u9ohc3hw9/gradle-3.3/lib/plugins/rhino-1.7R3.jar
7fcb40dcc000-7fcb40dd0000 r--s 00012000 08:01 5771166                    /home/bobby/.gradle/wrapper/dists/gradle-3.3-all/55gk2rcmfc6p2dg9u9ohc3hw9/gradle-3.3/lib/plugins/gradle-javascript-3.3.jar
7fcb40dd0000-7fcb40dd2000 r--s 0000d000 08:01 5771172                    /home/bobby/.gradle/wrapper/dists/gradle-3.3-all/55gk2rcmfc6p2dg9u9ohc3hw9/gradle-3.3/lib/plugins/gradle-jacoco-3.3.jar
7fcb40dd2000-7fcb40dd5000 r--s 0000e000 08:01 5771171                    /home/bobby/.gradle/wrapper/dists/gradle-3.3-all/55gk2rcmfc6p2dg9u9ohc3hw9/gradle-3.3/lib/plugins/gradle-ivy-3.3.jar
7fcb40dd5000-7fcb40dd6000 r--s 00002000 08:01 5771182                    /home/bobby/.gradle/wrapper/dists/gradle-3.3-all/55gk2rcmfc6p2dg9u9ohc3hw9/gradle-3.3/lib/plugins/gradle-ide-play-3.3.jar
7fcb40dd6000-7fcb40dd9000 r--s 00013000 08:01 5771184                    /home/bobby/.gradle/wrapper/dists/gradle-3.3-all/55gk2rcmfc6p2dg9u9ohc3hw9/gradle-3.3/lib/plugins/gradle-ide-native-3.3.jar
7fcb40dd9000-7fcb40de2000 r--s 00055000 08:01 5771161                    /home/bobby/.gradle/wrapper/dists/gradle-3.3-all/55gk2rcmfc6p2dg9u9ohc3hw9/gradle-3.3/lib/plugins/gradle-ide-3.3.jar
7fcb40de2000-7fcb40de4000 r--s 00007000 08:01 5771165                    /home/bobby/.gradle/wrapper/dists/gradle-3.3-all/55gk2rcmfc6p2dg9u9ohc3hw9/gradle-3.3/lib/plugins/gradle-ear-3.3.jar
7fcb40de4000-7fcb40dea000 r--s 00039000 08:01 5771168                    /home/bobby/.gradle/wrapper/dists/gradle-3.3-all/55gk2rcmfc6p2dg9u9ohc3hw9/gradle-3.3/lib/plugins/gradle-diagnostics-3.3.jar
7fcb40dea000-7fcb40deb000 r--s 00009000 08:01 5771194                    /home/bobby/.gradle/wrapper/dists/gradle-3.3-all/55gk2rcmfc6p2dg9u9ohc3hw9/gradle-3.3/lib/plugins/gradle-composite-builds-3.3.jar
7fcb40deb000-7fcb40def000 r--s 00023000 08:01 5771156                    /home/bobby/.gradle/wrapper/dists/gradle-3.3-all/55gk2rcmfc6p2dg9u9ohc3hw9/gradle-3.3/lib/plugins/gradle-code-quality-3.3.jar
7fcb40def000-7fcb40df3000 r--s 00022000 08:01 5771173                    /home/bobby/.gradle/wrapper/dists/gradle-3.3-all/55gk2rcmfc6p2dg9u9ohc3hw9/gradle-3.3/lib/plugins/gradle-build-init-3.3.jar
7fcb40df3000-7fcb40df9000 r--s 0008e000 08:01 5771167                    /home/bobby/.gradle/wrapper/dists/gradle-3.3-all/55gk2rcmfc6p2dg9u9ohc3hw9/gradle-3.3/lib/plugins/gradle-build-comparison-3.3.jar
7fcb40df9000-7fcb40dfa000 r--s 00001000 08:01 5771195                    /home/bobby/.gradle/wrapper/dists/gradle-3.3-all/55gk2rcmfc6p2dg9u9ohc3hw9/gradle-3.3/lib/plugins/gradle-build-cache-http-3.3.jar
7fcb40dfa000-7fcb40dfc000 r--s 00008000 08:01 5771158                    /home/bobby/.gradle/wrapper/dists/gradle-3.3-all/55gk2rcmfc6p2dg9u9ohc3hw9/gradle-3.3/lib/plugins/gradle-antlr-3.3.jar
7fcb40dfc000-7fcb40dfe000 r--s 00004000 08:01 5771162                    /home/bobby/.gradle/wrapper/dists/gradle-3.3-all/55gk2rcmfc6p2dg9u9ohc3hw9/gradle-3.3/lib/plugins/gradle-announce-3.3.jar
7fcb40dfe000-7fcb40e16000 r--s 00115000 08:01 5771264                    /home/bobby/.gradle/wrapper/dists/gradle-3.3-all/55gk2rcmfc6p2dg9u9ohc3hw9/gradle-3.3/lib/plugins/xercesImpl-2.9.1.jar
7fcb40e16000-7fcb40e1e000 r--s 00028000 08:01 5771265                    /home/bobby/.gradle/wrapper/dists/gradle-3.3-all/55gk2rcmfc6p2dg9u9ohc3hw9/gradle-3.3/lib/plugins/xml-apis-1.3.04.jar
7fcb40e1e000-7fcb40e24000 r--s 0005b000 08:01 5771263                    /home/bobby/.gradle/wrapper/dists/gradle-3.3-all/55gk2rcmfc6p2dg9u9ohc3hw9/gradle-3.3/lib/plugins/jcifs-1.3.17.jar
7fcb40e24000-7fcb40e2a000 r--s 00033000 08:01 5771211                    /home/bobby/.gradle/wrapper/dists/gradle-3.3-all/55gk2rcmfc6p2dg9u9ohc3hw9/gradle-3.3/lib/plugins/commons-codec-1.6.jar
7fcb40e2a000-7fcb40e31000 r--s 00049000 08:01 5771262                    /home/bobby/.gradle/wrapper/dists/gradle-3.3-all/55gk2rcmfc6p2dg9u9ohc3hw9/gradle-3.3/lib/plugins/httpcore-4.4.4.jar
7fcb40e31000-7fcb40e34000 r--s 0001c000 08:01 5771220                    /home/bobby/.gradle/wrapper/dists/gradle-3.3-all/55gk2rcmfc6p2dg9u9ohc3hw9/gradle-3.3/lib/plugins/nekohtml-1.9.14.jar
7fcb40e34000-7fcb40e41000 r--s 000a4000 08:01 5771219                    /home/bobby/.gradle/wrapper/dists/gradle-3.3-all/55gk2rcmfc6p2dg9u9ohc3hw9/gradle-3.3/lib/plugins/httpclient-4.4.1.jar
7fcb40e41000-7fcb40e44000 r--s 0000a000 08:01 5771190                    /home/bobby/.gradle/wrapper/dists/gradle-3.3-all/55gk2rcmfc6p2dg9u9ohc3hw9/gradle-3.3/lib/plugins/gradle-resources-http-3.3.jar
7fcb40e44000-7fcb40e48000 r--s 00015000 08:01 5771189                    /home/bobby/.gradle/wrapper/dists/gradle-3.3-all/55gk2rcmfc6p2dg9u9ohc3hw9/gradle-3.3/lib/plugins/gradle-plugin-use-3.3.jar
7fcb40e48000-7fcb40e49000 r--s 00000000 08:01 5771101                    /home/bobby/.gradle/wrapper/dists/gradle-3.3-all/55gk2rcmfc6p2dg9u9ohc3hw9/gradle-3.3/lib/gradle-installation-beacon-3.3.jar
7fcb40e49000-7fcb40e4b000 r--s 00006000 08:01 5771258                    /home/bobby/.gradle/wrapper/dists/gradle-3.3-all/55gk2rcmfc6p2dg9u9ohc3hw9/gradle-3.3/lib/plugins/aether-connector-wagon-1.13.1.jar
7fcb40e4b000-7fcb40e4f000 r--s 0001c000 08:01 5771257                    /home/bobby/.gradle/wrapper/dists/gradle-3.3-all/55gk2rcmfc6p2dg9u9ohc3hw9/gradle-3.3/lib/plugins/aether-util-1.13.1.jar
7fcb40e4f000-7fcb40e50000 r--s 00003000 08:01 5771256                    /home/bobby/.gradle/wrapper/dists/gradle-3.3-all/55gk2rcmfc6p2dg9u9ohc3hw9/gradle-3.3/lib/plugins/aether-spi-1.13.1.jar
7fcb40e50000-7fcb40e53000 r--s 0001d000 08:01 5771255                    /home/bobby/.gradle/wrapper/dists/gradle-3.3-all/55gk2rcmfc6p2dg9u9ohc3hw9/gradle-3.3/lib/plugins/aether-impl-1.13.1.jar
7fcb40e53000-7fcb40e56000 r--s 00013000 08:01 5771254                    /home/bobby/.gradle/wrapper/dists/gradle-3.3-all/55gk2rcmfc6p2dg9u9ohc3hw9/gradle-3.3/lib/plugins/aether-api-1.13.1.jar
7fcb40e56000-7fcb40e57000 r--s 00007000 08:01 5771253                    /home/bobby/.gradle/wrapper/dists/gradle-3.3-all/55gk2rcmfc6p2dg9u9ohc3hw9/gradle-3.3/lib/plugins/wagon-http-shared4-2.4.jar
7fcb40e57000-7fcb40e59000 r--s 0000b000 08:01 5771252                    /home/bobby/.gradle/wrapper/dists/gradle-3.3-all/55gk2rcmfc6p2dg9u9ohc3hw9/gradle-3.3/lib/plugins/wagon-provider-api-2.4.jar
7fcb40e59000-7fcb40e5a000 r--s 00002000 08:01 5771251                    /home/bobby/.gradle/wrapper/dists/gradle-3.3-all/55gk2rcmfc6p2dg9u9ohc3hw9/gradle-3.3/lib/plugins/wagon-http-2.4.jar
7fcb40e5a000-7fcb40e5b000 r--s 00002000 08:01 5771250                    /home/bobby/.gradle/wrapper/dists/gradle-3.3-all/55gk2rcmfc6p2dg9u9ohc3hw9/gradle-3.3/lib/plugins/wagon-file-2.4.jar
7fcb40e5b000-7fcb40e5d000 r--s 0000c000 08:01 5771249                    /home/bobby/.gradle/wrapper/dists/gradle-3.3-all/55gk2rcmfc6p2dg9u9ohc3hw9/gradle-3.3/lib/plugins/maven-aether-provider-3.0.4.jar
7fcb40e5d000-7fcb40e5f000 r--s 0000b000 08:01 5771248                    /home/bobby/.gradle/wrapper/dists/gradle-3.3-all/55gk2rcmfc6p2dg9u9ohc3hw9/gradle-3.3/lib/plugins/maven-plugin-api-3.0.4.jar
7fcb40e5f000-7fcb40e61000 r--s 00006000 08:01 5771247                    /home/bobby/.gradle/wrapper/dists/gradle-3.3-all/55gk2rcmfc6p2dg9u9ohc3hw9/gradle-3.3/lib/plugins/maven-repository-metadata-3.0.4.jar
7fcb40e61000-7fcb40e63000 r--s 0000b000 08:01 5771246                    /home/bobby/.gradle/wrapper/dists/gradle-3.3-all/55gk2rcmfc6p2dg9u9ohc3hw9/gradle-3.3/lib/plugins/maven-artifact-3.0.4.jar
7fcb40e63000-7fcb40e65000 r--s 00026000 08:01 5771245                    /home/bobby/.gradle/wrapper/dists/gradle-3.3-all/55gk2rcmfc6p2dg9u9ohc3hw9/gradle-3.3/lib/plugins/maven-model-3.0.4.jar
7fcb40e65000-7fcb40e69000 r--s 00021000 08:01 5771244                    /home/bobby/.gradle/wrapper/dists/gradle-3.3-all/55gk2rcmfc6p2dg9u9ohc3hw9/gradle-3.3/lib/plugins/maven-model-builder-3.0.4.jar
7fcb40e69000-7fcb40e6f000 r--s 0003f000 08:01 5771243                    /home/bobby/.gradle/wrapper/dists/gradle-3.3-all/55gk2rcmfc6p2dg9u9ohc3hw9/gradle-3.3/lib/plugins/maven-compat-3.0.4.jar
7fcb40e6f000-7fcb40e70000 r--s 00006000 08:01 5771242                    /home/bobby/.gradle/wrapper/dists/gradle-3.3-all/55gk2rcmfc6p2dg9u9ohc3hw9/gradle-3.3/lib/plugins/plexus-sec-dispatcher-1.3.jar
7fcb40e70000-7fcb40e72000 r--s 00002000 08:01 5771241                    /home/bobby/.gradle/wrapper/dists/gradle-3.3-all/55gk2rcmfc6p2dg9u9ohc3hw9/gradle-3.3/lib/plugins/plexus-cipher-1.7.jar
7fcb40e72000-7fcb40e74000 r--s 0000a000 08:01 5771240                    /home/bobby/.gradle/wrapper/dists/gradle-3.3-all/55gk2rcmfc6p2dg9u9ohc3hw9/gradle-3.3/lib/plugins/plexus-classworlds-2.4.jar
7fcb40e74000-7fcb40e7b000 r--s 0002e000 08:01 5771239                    /home/bobby/.gradle/wrapper/dists/gradle-3.3-all/55gk2rcmfc6p2dg9u9ohc3hw9/gradle-3.3/lib/plugins/plexus-container-default-1.5.5.jar
7fcb40e7b000-7fcb40e7d000 r--s 00000000 08:01 5771266                    /home/bobby/.gradle/wrapper/dists/gradle-3.3-all/55gk2rcmfc6p2dg9u9ohc3hw9/gradle-3.3/lib/plugins/plexus-component-annotations-1.5.5.jar
7fcb40e7d000-7fcb40e7f000 r--s 0000d000 08:01 5771238                    /home/bobby/.gradle/wrapper/dists/gradle-3.3-all/55gk2rcmfc6p2dg9u9ohc3hw9/gradle-3.3/lib/plugins/plexus-interpolation-1.14.jar
7fcb40e7f000-7fcb40e83000 r--s 00033000 08:01 5771237                    /home/bobby/.gradle/wrapper/dists/gradle-3.3-all/55gk2rcmfc6p2dg9u9ohc3hw9/gradle-3.3/lib/plugins/plexus-utils-2.0.6.jar
7fcb40e83000-7fcb40e86000 r--s 00008000 08:01 5771236                    /home/bobby/.gradle/wrapper/dists/gradle-3.3-all/55gk2rcmfc6p2dg9u9ohc3hw9/gradle-3.3/lib/plugins/maven-settings-builder-3.0.4.jar
7fcb40e86000-7fcb40e88000 r--s 0000a000 08:01 5771235                    /home/bobby/.gradle/wrapper/dists/gradle-3.3-all/55gk2rcmfc6p2dg9u9ohc3hw9/gradle-3.3/lib/plugins/maven-settings-3.0.4.jar
7fcb40e88000-7fcb40ec8000 r--s 00277000 08:01 5771231                    /home/bobby/.gradle/wrapper/dists/gradle-3.3-all/55gk2rcmfc6p2dg9u9ohc3hw9/gradle-3.3/lib/plugins/bcprov-jdk15on-1.51.jar
7fcb40ec8000-7fcb40ed4000 r--s 0007d000 08:01 5771208                    /home/bobby/.gradle/wrapper/dists/gradle-3.3-all/55gk2rcmfc6p2dg9u9ohc3hw9/gradle-3.3/lib/plugins/maven-core-3.0.4.jar
7fcb40ed4000-7fcb40ef3000 r--s 000f6000 08:01 5771197                    /home/bobby/.gradle/wrapper/dists/gradle-3.3-all/55gk2rcmfc6p2dg9u9ohc3hw9/gradle-3.3/lib/plugins/gradle-dependency-management-3.3.jar
7fcb40ef3000-7fcb40f09000 r-xp 00000000 08:01 20189513                   /lib/x86_64-linux-gnu/libgcc_s.so.1
7fcb40f09000-7fcb41108000 ---p 00016000 08:01 20189513                   /lib/x86_64-linux-gnu/libgcc_s.so.1
7fcb41108000-7fcb41109000 rw-p 00015000 08:01 20189513                   /lib/x86_64-linux-gnu/libgcc_s.so.1
7fcb41109000-7fcb4127b000 r-xp 00000000 08:01 24643713                   /usr/lib/x86_64-linux-gnu/libstdc++.so.6.0.21
7fcb4127b000-7fcb4147b000 ---p 00172000 08:01 24643713                   /usr/lib/x86_64-linux-gnu/libstdc++.so.6.0.21
7fcb4147b000-7fcb41485000 r--p 00172000 08:01 24643713                   /usr/lib/x86_64-linux-gnu/libstdc++.so.6.0.21
7fcb41485000-7fcb41487000 rw-p 0017c000 08:01 24643713                   /usr/lib/x86_64-linux-gnu/libstdc++.so.6.0.21
7fcb41487000-7fcb4148b000 rw-p 00000000 00:00 0 
7fcb4148b000-7fcb41490000 r--s 00040000 08:01 5771221                    /home/bobby/.gradle/wrapper/dists/gradle-3.3-all/55gk2rcmfc6p2dg9u9ohc3hw9/gradle-3.3/lib/plugins/jsch-0.1.53.jar
7fcb41490000-7fcb41494000 r--s 0001d000 08:01 5771230                    /home/bobby/.gradle/wrapper/dists/gradle-3.3-all/55gk2rcmfc6p2dg9u9ohc3hw9/gradle-3.3/lib/plugins/xbean-reflect-3.4.jar
7fcb41494000-7fcb41499000 r--s 00034000 08:01 5771214                    /home/bobby/.gradle/wrapper/dists/gradle-3.3-all/55gk2rcmfc6p2dg9u9ohc3hw9/gradle-3.3/lib/plugins/gson-2.7.jar
7fcb41499000-7fcb414a8000 r--s 000d9000 08:01 5771229                    /home/bobby/.gradle/wrapper/dists/gradle-3.3-all/55gk2rcmfc6p2dg9u9ohc3hw9/gradle-3.3/lib/plugins/ivy-2.2.0.jar
7fcb414a8000-7fcb414aa000 r--s 00005000 08:01 5771196                    /home/bobby/.gradle/wrapper/dists/gradle-3.3-all/55gk2rcmfc6p2dg9u9ohc3hw9/gradle-3.3/lib/plugins/gradle-workers-3.3.jar
7fcb414aa000-7fcb414af000 r-xp 00000000 08:01 3407876                    /home/bobby/.gradle/native/23/linux-amd64/libnative-platform.so
7fcb414af000-7fcb416ae000 ---p 00005000 08:01 3407876                    /home/bobby/.gradle/native/23/linux-amd64/libnative-platform.so
7fcb416ae000-7fcb416af000 rw-p 00004000 08:01 3407876                    /home/bobby/.gradle/native/23/linux-amd64/libnative-platform.so
7fcb416af000-7fcb416c0000 r-xp 00000000 08:01 919887                     /home/bobby/android-studio/jre/jre/lib/amd64/libnio.so
7fcb416c0000-7fcb418bf000 ---p 00011000 08:01 919887                     /home/bobby/android-studio/jre/jre/lib/amd64/libnio.so
7fcb418bf000-7fcb418c0000 r--p 00010000 08:01 919887                     /home/bobby/android-studio/jre/jre/lib/amd64/libnio.so
7fcb418c0000-7fcb418c1000 rw-p 00011000 08:01 919887                     /home/bobby/android-studio/jre/jre/lib/amd64/libnio.so
7fcb418c1000-7fcb41bc2000 rw-p 00000000 00:00 0 
7fcb41bc2000-7fcb41bd9000 r-xp 00000000 08:01 919885                     /home/bobby/android-studio/jre/jre/lib/amd64/libnet.so
7fcb41bd9000-7fcb41dd8000 ---p 00017000 08:01 919885                     /home/bobby/android-studio/jre/jre/lib/amd64/libnet.so
7fcb41dd8000-7fcb41dd9000 r--p 00016000 08:01 919885                     /home/bobby/android-studio/jre/jre/lib/amd64/libnet.so
7fcb41dd9000-7fcb41dda000 rw-p 00017000 08:01 919885                     /home/bobby/android-studio/jre/jre/lib/amd64/libnet.so
7fcb41dda000-7fcb41ddb000 r--s 00006000 08:01 5771100                    /home/bobby/.gradle/wrapper/dists/gradle-3.3-all/55gk2rcmfc6p2dg9u9ohc3hw9/gradle-3.3/lib/gradle-wrapper-3.3.jar
7fcb41ddb000-7fcb41de8000 r--s 00041000 08:01 5771107                    /home/bobby/.gradle/wrapper/dists/gradle-3.3-all/55gk2rcmfc6p2dg9u9ohc3hw9/gradle-3.3/lib/gradle-tooling-api-3.3.jar
7fcb41de8000-7fcb41dea000 r--s 00002000 08:01 5771127                    /home/bobby/.gradle/wrapper/dists/gradle-3.3-all/55gk2rcmfc6p2dg9u9ohc3hw9/gradle-3.3/lib/gradle-open-api-3.3.jar
7fcb41dea000-7fcb41df0000 r--s 00032000 08:01 5771129                    /home/bobby/.gradle/wrapper/dists/gradle-3.3-all/55gk2rcmfc6p2dg9u9ohc3hw9/gradle-3.3/lib/jaxen-1.1.jar
7fcb41df0000-7fcb41df5000 r--s 00048000 08:01 5771128                    /home/bobby/.gradle/wrapper/dists/gradle-3.3-all/55gk2rcmfc6p2dg9u9ohc3hw9/gradle-3.3/lib/dom4j-1.6.1.jar
7fcb41df5000-7fcb41e00000 r--s 00059000 08:01 5771106                    /home/bobby/.gradle/wrapper/dists/gradle-3.3-all/55gk2rcmfc6p2dg9u9ohc3hw9/gradle-3.3/lib/gradle-ui-3.3.jar
7fcb41e00000-7fcb41e09000 r--s 0008c000 08:01 5771098                    /home/bobby/.gradle/wrapper/dists/gradle-3.3-all/55gk2rcmfc6p2dg9u9ohc3hw9/gradle-3.3/lib/kotlin-stdlib-1.1-M02.jar
7fcb41e09000-7fcb41e0f000 r--s 0002a000 08:01 5771097                    /home/bobby/.gradle/wrapper/dists/gradle-3.3-all/55gk2rcmfc6p2dg9u9ohc3hw9/gradle-3.3/lib/kotlin-runtime-1.1-M02.jar
7fcb41e0f000-7fcb41e43000 r--s 00256000 08:01 5771096                    /home/bobby/.gradle/wrapper/dists/gradle-3.3-all/55gk2rcmfc6p2dg9u9ohc3hw9/gradle-3.3/lib/kotlin-reflect-1.1-M02.jar
7fcb41e43000-7fcb41fd9000 r--s 0157e000 08:01 5771095                    /home/bobby/.gradle/wrapper/dists/gradle-3.3-all/55gk2rcmfc6p2dg9u9ohc3hw9/gradle-3.3/lib/kotlin-compiler-embeddable-1.1-M02.jar
7fcb41fd9000-7fcb41fe1000 r--s 0004e000 08:01 5771094                    /home/bobby/.gradle/wrapper/dists/gradle-3.3-all/55gk2rcmfc6p2dg9u9ohc3hw9/gradle-3.3/lib/gradle-script-kotlin-0.5.1.jar
7fcb41fe1000-7fcb41fe4000 r--s 0000b000 08:01 5771125                    /home/bobby/.gradle/wrapper/dists/gradle-3.3-all/55gk2rcmfc6p2dg9u9ohc3hw9/gradle-3.3/lib/gradle-resources-3.3.jar
7fcb41fe4000-7fcb41fe6000 r--s 00003000 08:01 5771134                    /home/bobby/.gradle/wrapper/dists/gradle-3.3-all/55gk2rcmfc6p2dg9u9ohc3hw9/gradle-3.3/lib/jcl-over-slf4j-1.7.10.jar
7fcb41fe6000-7fcb41fe7000 r--s 00005000 08:01 5771133                    /home/bobby/.gradle/wrapper/dists/gradle-3.3-all/55gk2rcmfc6p2dg9u9ohc3hw9/gradle-3.3/lib/log4j-over-slf4j-1.7.10.jar
7fcb41fe7000-7fcb41fe9000 r--s 00000000 08:01 5771132                    /home/bobby/.gradle/wrapper/dists/gradle-3.3-all/55gk2rcmfc6p2dg9u9ohc3hw9/gradle-3.3/lib/jul-to-slf4j-1.7.10.jar
7fcb41fe9000-7fcb41fee000 r--s 0001e000 08:01 5771109                    /home/bobby/.gradle/wrapper/dists/gradle-3.3-all/55gk2rcmfc6p2dg9u9ohc3hw9/gradle-3.3/lib/gradle-logging-3.3.jar
7fcb41fee000-7fcb41ff0000 r--s 00007000 08:01 5771153                    /home/bobby/.gradle/wrapper/dists/gradle-3.3-all/55gk2rcmfc6p2dg9u9ohc3hw9/gradle-3.3/lib/objenesis-1.2.jar
7fcb41ff0000-7fcb41ff2000 r--s 00000000 08:01 5771152                    /home/bobby/.gradle/wrapper/dists/gradle-3.3-all/55gk2rcmfc6p2dg9u9ohc3hw9/gradle-3.3/lib/minlog-1.2.jar
7fcb41ff2000-7fcb41ff4000 r--s 0000f000 08:01 5771151                    /home/bobby/.gradle/wrapper/dists/gradle-3.3-all/55gk2rcmfc6p2dg9u9ohc3hw9/gradle-3.3/lib/reflectasm-1.07-shaded.jar
7fcb41ff4000-7fcb41ff8000 r--s 00026000 08:01 5771136                    /home/bobby/.gradle/wrapper/dists/gradle-3.3-all/55gk2rcmfc6p2dg9u9ohc3hw9/gradle-3.3/lib/kryo-2.20.jar
7fcb41ff8000-7fcb41ffe000 r--s 00027000 08:01 5771124                    /home/bobby/.gradle/wrapper/dists/gradle-3.3-all/55gk2rcmfc6p2dg9u9ohc3hw9/gradle-3.3/lib/gradle-messaging-3.3.jar
7fcb41ffe000-7fcb41fff000 r--s 00001000 08:01 5771150                    /home/bobby/.gradle/wrapper/dists/gradle-3.3-all/55gk2rcmfc6p2dg9u9ohc3hw9/gradle-3.3/lib/native-platform-linux-i386-ncurses6-0.12.jar
7fcb41fff000-7fcb42000000 r--s 00001000 08:01 5771149                    /home/bobby/.gradle/wrapper/dists/gradle-3.3-all/55gk2rcmfc6p2dg9u9ohc3hw9/gradle-3.3/lib/native-platform-linux-i386-ncurses5-0.12.jar
7fcb42000000-7fcb42001000 r--s 00001000 08:01 5771148                    /home/bobby/.gradle/wrapper/dists/gradle-3.3-all/55gk2rcmfc6p2dg9u9ohc3hw9/gradle-3.3/lib/native-platform-linux-amd64-ncurses6-0.12.jar
7fcb42001000-7fcb42002000 r--s 00001000 08:01 5771147                    /home/bobby/.gradle/wrapper/dists/gradle-3.3-all/55gk2rcmfc6p2dg9u9ohc3hw9/gradle-3.3/lib/native-platform-linux-amd64-ncurses5-0.12.jar
7fcb42002000-7fcb42003000 r--s 0000b000 08:01 5771146                    /home/bobby/.gradle/wrapper/dists/gradle-3.3-all/55gk2rcmfc6p2dg9u9ohc3hw9/gradle-3.3/lib/native-platform-windows-i386-0.12.jar
7fcb42003000-7fcb42005000 r--s 0000b000 08:01 5771145                    /home/bobby/.gradle/wrapper/dists/gradle-3.3-all/55gk2rcmfc6p2dg9u9ohc3hw9/gradle-3.3/lib/native-platform-windows-amd64-0.12.jar
7fcb42005000-7fcb42007000 r--s 00002000 08:01 5771144                    /home/bobby/.gradle/wrapper/dists/gradle-3.3-all/55gk2rcmfc6p2dg9u9ohc3hw9/gradle-3.3/lib/native-platform-osx-i386-0.12.jar
7fcb42007000-7fcb42008000 r--s 00002000 08:01 5771143                    /home/bobby/.gradle/wrapper/dists/gradle-3.3-all/55gk2rcmfc6p2dg9u9ohc3hw9/gradle-3.3/lib/native-platform-osx-amd64-0.12.jar
7fcb42008000-7fcb42009000 r--s 00002000 08:01 5771142                    /home/bobby/.gradle/wrapper/dists/gradle-3.3-all/55gk2rcmfc6p2dg9u9ohc3hw9/gradle-3.3/lib/native-platform-linux-i386-0.12.jar
7fcb42009000-7fcb4200a000 r--s 00002000 08:01 5771141                    /home/bobby/.gradle/wrapper/dists/gradle-3.3-all/55gk2rcmfc6p2dg9u9ohc3hw9/gradle-3.3/lib/native-platform-linux-amd64-0.12.jar
7fcb4200a000-7fcb4200b000 r--s 00003000 08:01 5771140                    /home/bobby/.gradle/wrapper/dists/gradle-3.3-all/55gk2rcmfc6p2dg9u9ohc3hw9/gradle-3.3/lib/native-platform-freebsd-i386-libstdcpp-0.12.jar
7fcb4200b000-7fcb4200d000 r--s 00003000 08:01 5771138                    /home/bobby/.gradle/wrapper/dists/gradle-3.3-all/55gk2rcmfc6p2dg9u9ohc3hw9/gradle-3.3/lib/native-platform-freebsd-amd64-libstdcpp-0.12.jar
7fcb4200d000-7fcb42011000 r--s 00011000 08:01 5771130                    /home/bobby/.gradle/wrapper/dists/gradle-3.3-all/55gk2rcmfc6p2dg9u9ohc3hw9/gradle-3.3/lib/native-platform-0.12.jar
7fcb42011000-7fcb42020000 r--s 0007f000 08:01 5771115                    /home/bobby/.gradle/wrapper/dists/gradle-3.3-all/55gk2rcmfc6p2dg9u9ohc3hw9/gradle-3.3/lib/gradle-model-core-3.3.jar
7fcb42020000-7fcb42090000 r--s 00641000 08:01 5771114                    /home/bobby/.gradle/wrapper/dists/gradle-3.3-all/55gk2rcmfc6p2dg9u9ohc3hw9/gradle-3.3/lib/groovy-all-2.4.7.jar
7fcb42090000-7fcb420b8000 r--s 001cf000 08:01 5771111                    /home/bobby/.gradle/wrapper/dists/gradle-3.3-all/55gk2rcmfc6p2dg9u9ohc3hw9/gradle-3.3/lib/guava-jdk5-17.0.jar
7fcb420b8000-7fcb420d7000 r--s 001d1000 08:01 5771118                    /home/bobby/.gradle/wrapper/dists/gradle-3.3-all/55gk2rcmfc6p2dg9u9ohc3hw9/gradle-3.3/lib/ant-1.9.6.jar
7fcb420d7000-7fcb42114000 r--s 001f8000 08:01 5771104                    /home/bobby/.gradle/wrapper/dists/gradle-3.3-all/55gk2rcmfc6p2dg9u9ohc3hw9/gradle-3.3/lib/gradle-core-3.3.jar
7fcb42114000-7fcb42115000 ---p 00000000 00:00 0 
7fcb42115000-7fcb42215000 rw-p 00000000 00:00 0 
7fcb42215000-7fcb42218000 ---p 00000000 00:00 0 
7fcb42218000-7fcb42316000 rw-p 00000000 00:00 0 
7fcb42316000-7fcb42319000 ---p 00000000 00:00 0 
7fcb42319000-7fcb42417000 rw-p 00000000 00:00 0 
7fcb42417000-7fcb4241a000 ---p 00000000 00:00 0 
7fcb4241a000-7fcb42518000 rw-p 00000000 00:00 0 
7fcb42518000-7fcb4251b000 ---p 00000000 00:00 0 
7fcb4251b000-7fcb42619000 rw-p 00000000 00:00 0 
7fcb42619000-7fcb4261c000 ---p 00000000 00:00 0 
7fcb4261c000-7fcb4271a000 rw-p 00000000 00:00 0 
7fcb4271a000-7fcb429f2000 r--p 00000000 08:01 24642259                   /usr/lib/locale/locale-archive
7fcb429f2000-7fcb429f5000 ---p 00000000 00:00 0 
7fcb429f5000-7fcb42af3000 rw-p 00000000 00:00 0 
7fcb42af3000-7fcb42af6000 ---p 00000000 00:00 0 
7fcb42af6000-7fcb42bf4000 rw-p 00000000 00:00 0 
7fcb42bf4000-7fcb42bf5000 ---p 00000000 00:00 0 
7fcb42bf5000-7fcb44000000 rw-p 00000000 00:00 0 
7fcb44000000-7fcb44021000 rw-p 00000000 00:00 0 
7fcb44021000-7fcb48000000 ---p 00000000 00:00 0 
7fcb48000000-7fcb48021000 rw-p 00000000 00:00 0 
7fcb48021000-7fcb4c000000 ---p 00000000 00:00 0 
7fcb4c000000-7fcb4c021000 rw-p 00000000 00:00 0 
7fcb4c021000-7fcb50000000 ---p 00000000 00:00 0 
7fcb50000000-7fcb50021000 rw-p 00000000 00:00 0 
7fcb50021000-7fcb54000000 ---p 00000000 00:00 0 
7fcb54000000-7fcb54003000 r--s 00023000 08:01 5771131                    /home/bobby/.gradle/wrapper/dists/gradle-3.3-all/55gk2rcmfc6p2dg9u9ohc3hw9/gradle-3.3/lib/jansi-1.14.jar
7fcb54003000-7fcb54006000 r--s 0000a000 08:01 5771108                    /home/bobby/.gradle/wrapper/dists/gradle-3.3-all/55gk2rcmfc6p2dg9u9ohc3hw9/gradle-3.3/lib/gradle-native-3.3.jar
7fcb54006000-7fcb54013000 r--s 00083000 08:01 5771119                    /home/bobby/.gradle/wrapper/dists/gradle-3.3-all/55gk2rcmfc6p2dg9u9ohc3hw9/gradle-3.3/lib/commons-collections-3.2.2.jar
7fcb54013000-7fcb5449b000 rw-p 00000000 00:00 0 
7fcb5449b000-7fcb5466a000 r--s 03c1b000 08:01 919856                     /home/bobby/android-studio/jre/jre/lib/rt.jar
7fcb5466a000-7fcb579e0000 rw-p 00000000 00:00 0 
7fcb579e0000-7fcb579e1000 ---p 00000000 00:00 0 
7fcb579e1000-7fcb57ae1000 rw-p 00000000 00:00 0 
7fcb57ae1000-7fcb57ae2000 ---p 00000000 00:00 0 
7fcb57ae2000-7fcb57be2000 rw-p 00000000 00:00 0 
7fcb57be2000-7fcb57be3000 ---p 00000000 00:00 0 
7fcb57be3000-7fcb57d37000 rw-p 00000000 00:00 0 
7fcb57d37000-7fcb57ee3000 ---p 00000000 00:00 0 
7fcb57ee3000-7fcb57f37000 rw-p 00000000 00:00 0 
7fcb57f37000-7fcb580e3000 ---p 00000000 00:00 0 
7fcb580e3000-7fcb5812c000 rw-p 00000000 00:00 0 
7fcb5812c000-7fcb581e3000 ---p 00000000 00:00 0 
7fcb581e3000-7fcb581f4000 rw-p 00000000 00:00 0 
7fcb581f4000-7fcb585a4000 ---p 00000000 00:00 0 
7fcb585a4000-7fcb58994000 rwxp 00000000 00:00 0 
7fcb58994000-7fcb675a4000 ---p 00000000 00:00 0 
7fcb675a4000-7fcb675be000 r-xp 00000000 08:01 919890                     /home/bobby/android-studio/jre/jre/lib/amd64/libzip.so
7fcb675be000-7fcb677be000 ---p 0001a000 08:01 919890                     /home/bobby/android-studio/jre/jre/lib/amd64/libzip.so
7fcb677be000-7fcb677bf000 r--p 0001a000 08:01 919890                     /home/bobby/android-studio/jre/jre/lib/amd64/libzip.so
7fcb677bf000-7fcb677c0000 rw-p 0001b000 08:01 919890                     /home/bobby/android-studio/jre/jre/lib/amd64/libzip.so
7fcb677c0000-7fcb677cb000 r-xp 00000000 08:01 20185593                   /lib/x86_64-linux-gnu/libnss_files-2.23.so
7fcb677cb000-7fcb679ca000 ---p 0000b000 08:01 20185593                   /lib/x86_64-linux-gnu/libnss_files-2.23.so
7fcb679ca000-7fcb679cb000 r--p 0000a000 08:01 20185593                   /lib/x86_64-linux-gnu/libnss_files-2.23.so
7fcb679cb000-7fcb679cc000 rw-p 0000b000 08:01 20185593                   /lib/x86_64-linux-gnu/libnss_files-2.23.so
7fcb679cc000-7fcb679d2000 rw-p 00000000 00:00 0 
7fcb679d2000-7fcb679dd000 r-xp 00000000 08:01 20185596                   /lib/x86_64-linux-gnu/libnss_nis-2.23.so
7fcb679dd000-7fcb67bdc000 ---p 0000b000 08:01 20185596                   /lib/x86_64-linux-gnu/libnss_nis-2.23.so
7fcb67bdc000-7fcb67bdd000 r--p 0000a000 08:01 20185596                   /lib/x86_64-linux-gnu/libnss_nis-2.23.so
7fcb67bdd000-7fcb67bde000 rw-p 0000b000 08:01 20185596                   /lib/x86_64-linux-gnu/libnss_nis-2.23.so
7fcb67bde000-7fcb67bf4000 r-xp 00000000 08:01 20185589                   /lib/x86_64-linux-gnu/libnsl-2.23.so
7fcb67bf4000-7fcb67df3000 ---p 00016000 08:01 20185589                   /lib/x86_64-linux-gnu/libnsl-2.23.so
7fcb67df3000-7fcb67df4000 r--p 00015000 08:01 20185589                   /lib/x86_64-linux-gnu/libnsl-2.23.so
7fcb67df4000-7fcb67df5000 rw-p 00016000 08:01 20185589                   /lib/x86_64-linux-gnu/libnsl-2.23.so
7fcb67df5000-7fcb67df7000 rw-p 00000000 00:00 0 
7fcb67df7000-7fcb67dff000 r-xp 00000000 08:01 20185604                   /lib/x86_64-linux-gnu/libnss_compat-2.23.so
7fcb67dff000-7fcb67ffe000 ---p 00008000 08:01 20185604                   /lib/x86_64-linux-gnu/libnss_compat-2.23.so
7fcb67ffe000-7fcb67fff000 r--p 00007000 08:01 20185604                   /lib/x86_64-linux-gnu/libnss_compat-2.23.so
7fcb67fff000-7fcb68000000 rw-p 00008000 08:01 20185604                   /lib/x86_64-linux-gnu/libnss_compat-2.23.so
7fcb68000000-7fcb68cba000 rw-p 00000000 00:00 0 
7fcb68cba000-7fcb6c000000 ---p 00000000 00:00 0 
7fcb6c000000-7fcb6c001000 r--s 00004000 08:01 5771139                    /home/bobby/.gradle/wrapper/dists/gradle-3.3-all/55gk2rcmfc6p2dg9u9ohc3hw9/gradle-3.3/lib/native-platform-freebsd-i386-libcpp-0.12.jar
7fcb6c001000-7fcb6c002000 r--s 00004000 08:01 5771137                    /home/bobby/.gradle/wrapper/dists/gradle-3.3-all/55gk2rcmfc6p2dg9u9ohc3hw9/gradle-3.3/lib/native-platform-freebsd-amd64-libcpp-0.12.jar
7fcb6c002000-7fcb6c004000 r--s 00005000 08:01 5771105                    /home/bobby/.gradle/wrapper/dists/gradle-3.3-all/55gk2rcmfc6p2dg9u9ohc3hw9/gradle-3.3/lib/gradle-cli-3.3.jar
7fcb6c004000-7fcb6c006000 r--s 00007000 08:01 5771116                    /home/bobby/.gradle/wrapper/dists/gradle-3.3-all/55gk2rcmfc6p2dg9u9ohc3hw9/gradle-3.3/lib/gradle-model-groovy-3.3.jar
7fcb6c006000-7fcb6c008000 r--s 00006000 08:01 5771123                    /home/bobby/.gradle/wrapper/dists/gradle-3.3-all/55gk2rcmfc6p2dg9u9ohc3hw9/gradle-3.3/lib/gradle-base-services-groovy-3.3.jar
7fcb6c008000-7fcb6c009000 r--s 00002000 08:01 5771126                    /home/bobby/.gradle/wrapper/dists/gradle-3.3-all/55gk2rcmfc6p2dg9u9ohc3hw9/gradle-3.3/lib/gradle-docs-3.3.jar
7fcb6c009000-7fcb6c057000 rw-p 00000000 00:00 0 
7fcb6c057000-7fcb6c058000 ---p 00000000 00:00 0 
7fcb6c058000-7fcb6c158000 rw-p 00000000 00:00 0 
7fcb6c158000-7fcb6c185000 r-xp 00000000 08:01 919892                     /home/bobby/android-studio/jre/jre/lib/amd64/libjava.so
7fcb6c185000-7fcb6c384000 ---p 0002d000 08:01 919892                     /home/bobby/android-studio/jre/jre/lib/amd64/libjava.so
7fcb6c384000-7fcb6c385000 r--p 0002c000 08:01 919892                     /home/bobby/android-studio/jre/jre/lib/amd64/libjava.so
7fcb6c385000-7fcb6c387000 rw-p 0002d000 08:01 919892                     /home/bobby/android-studio/jre/jre/lib/amd64/libjava.so
7fcb6c387000-7fcb6c397000 r-xp 00000000 08:01 919916                     /home/bobby/android-studio/jre/jre/lib/amd64/libverify.so
7fcb6c397000-7fcb6c596000 ---p 00010000 08:01 919916                     /home/bobby/android-studio/jre/jre/lib/amd64/libverify.so
7fcb6c596000-7fcb6c598000 r--p 0000f000 08:01 919916                     /home/bobby/android-studio/jre/jre/lib/amd64/libverify.so
7fcb6c598000-7fcb6c599000 rw-p 00011000 08:01 919916                     /home/bobby/android-studio/jre/jre/lib/amd64/libverify.so
7fcb6c599000-7fcb6c5a0000 r-xp 00000000 08:01 20185600                   /lib/x86_64-linux-gnu/librt-2.23.so
7fcb6c5a0000-7fcb6c79f000 ---p 00007000 08:01 20185600                   /lib/x86_64-linux-gnu/librt-2.23.so
7fcb6c79f000-7fcb6c7a0000 r--p 00006000 08:01 20185600                   /lib/x86_64-linux-gnu/librt-2.23.so
7fcb6c7a0000-7fcb6c7a1000 rw-p 00007000 08:01 20185600                   /lib/x86_64-linux-gnu/librt-2.23.so
7fcb6c7a1000-7fcb6c8a9000 r-xp 00000000 08:01 20185609                   /lib/x86_64-linux-gnu/libm-2.23.so
7fcb6c8a9000-7fcb6caa8000 ---p 00108000 08:01 20185609                   /lib/x86_64-linux-gnu/libm-2.23.so
7fcb6caa8000-7fcb6caa9000 r--p 00107000 08:01 20185609                   /lib/x86_64-linux-gnu/libm-2.23.so
7fcb6caa9000-7fcb6caaa000 rw-p 00108000 08:01 20185609                   /lib/x86_64-linux-gnu/libm-2.23.so
7fcb6caaa000-7fcb6d69b000 r-xp 00000000 08:01 919900                     /home/bobby/android-studio/jre/jre/lib/amd64/server/libjvm.so
7fcb6d69b000-7fcb6d89b000 ---p 00bf1000 08:01 919900                     /home/bobby/android-studio/jre/jre/lib/amd64/server/libjvm.so
7fcb6d89b000-7fcb6d93a000 r--p 00bf1000 08:01 919900                     /home/bobby/android-studio/jre/jre/lib/amd64/server/libjvm.so
7fcb6d93a000-7fcb6d963000 rw-p 00c90000 08:01 919900                     /home/bobby/android-studio/jre/jre/lib/amd64/server/libjvm.so
7fcb6d963000-7fcb6d9a7000 rw-p 00000000 00:00 0 
7fcb6d9a7000-7fcb6d9bf000 r-xp 00000000 08:01 20185595                   /lib/x86_64-linux-gnu/libpthread-2.23.so
7fcb6d9bf000-7fcb6dbbe000 ---p 00018000 08:01 20185595                   /lib/x86_64-linux-gnu/libpthread-2.23.so
7fcb6dbbe000-7fcb6dbbf000 r--p 00017000 08:01 20185595                   /lib/x86_64-linux-gnu/libpthread-2.23.so
7fcb6dbbf000-7fcb6dbc0000 rw-p 00018000 08:01 20185595                   /lib/x86_64-linux-gnu/libpthread-2.23.so
7fcb6dbc0000-7fcb6dbc4000 rw-p 00000000 00:00 0 
7fcb6dbc4000-7fcb6dbc7000 r-xp 00000000 08:01 20185603                   /lib/x86_64-linux-gnu/libdl-2.23.so
7fcb6dbc7000-7fcb6ddc6000 ---p 00003000 08:01 20185603                   /lib/x86_64-linux-gnu/libdl-2.23.so
7fcb6ddc6000-7fcb6ddc7000 r--p 00002000 08:01 20185603                   /lib/x86_64-linux-gnu/libdl-2.23.so
7fcb6ddc7000-7fcb6ddc8000 rw-p 00003000 08:01 20185603                   /lib/x86_64-linux-gnu/libdl-2.23.so
7fcb6ddc8000-7fcb6df88000 r-xp 00000000 08:01 20185614                   /lib/x86_64-linux-gnu/libc-2.23.so
7fcb6df88000-7fcb6e188000 ---p 001c0000 08:01 20185614                   /lib/x86_64-linux-gnu/libc-2.23.so
7fcb6e188000-7fcb6e18c000 r--p 001c0000 08:01 20185614                   /lib/x86_64-linux-gnu/libc-2.23.so
7fcb6e18c000-7fcb6e18e000 rw-p 001c4000 08:01 20185614                   /lib/x86_64-linux-gnu/libc-2.23.so
7fcb6e18e000-7fcb6e192000 rw-p 00000000 00:00 0 
7fcb6e192000-7fcb6e1a8000 r-xp 00000000 08:01 787906                     /home/bobby/android-studio/jre/lib/amd64/jli/libjli.so
7fcb6e1a8000-7fcb6e3a7000 ---p 00016000 08:01 787906                     /home/bobby/android-studio/jre/lib/amd64/jli/libjli.so
7fcb6e3a7000-7fcb6e3a8000 r--p 00015000 08:01 787906                     /home/bobby/android-studio/jre/lib/amd64/jli/libjli.so
7fcb6e3a8000-7fcb6e3a9000 rw-p 00016000 08:01 787906                     /home/bobby/android-studio/jre/lib/amd64/jli/libjli.so
7fcb6e3a9000-7fcb6e3cf000 r-xp 00000000 08:01 20185590                   /lib/x86_64-linux-gnu/ld-2.23.so
7fcb6e3cf000-7fcb6e3d0000 r--s 00000000 08:01 5771122                    /home/bobby/.gradle/wrapper/dists/gradle-3.3-all/55gk2rcmfc6p2dg9u9ohc3hw9/gradle-3.3/lib/javax.inject-1.jar
7fcb6e3d0000-7fcb6e3d1000 r--s 00000000 08:01 5771121                    /home/bobby/.gradle/wrapper/dists/gradle-3.3-all/55gk2rcmfc6p2dg9u9ohc3hw9/gradle-3.3/lib/jcip-annotations-1.0.jar
7fcb6e3d1000-7fcb6e3d5000 r--s 00027000 08:01 5771120                    /home/bobby/.gradle/wrapper/dists/gradle-3.3-all/55gk2rcmfc6p2dg9u9ohc3hw9/gradle-3.3/lib/commons-io-2.2.jar
7fcb6e3d5000-7fcb6e3da000 r--s 00038000 08:01 5771117                    /home/bobby/.gradle/wrapper/dists/gradle-3.3-all/55gk2rcmfc6p2dg9u9ohc3hw9/gradle-3.3/lib/asm-all-5.1.jar
7fcb6e3da000-7fcb6e3db000 r--s 00001000 08:01 5771113                    /home/bobby/.gradle/wrapper/dists/gradle-3.3-all/55gk2rcmfc6p2dg9u9ohc3hw9/gradle-3.3/lib/gradle-process-services-3.3.jar
7fcb6e3db000-7fcb6e3dd000 r--s 00000000 08:01 5771103                    /home/bobby/.gradle/wrapper/dists/gradle-3.3-all/55gk2rcmfc6p2dg9u9ohc3hw9/gradle-3.3/lib/gradle-jvm-services-3.3.jar
7fcb6e3dd000-7fcb6e3e6000 r--s 00042000 08:01 5771102                    /home/bobby/.gradle/wrapper/dists/gradle-3.3-all/55gk2rcmfc6p2dg9u9ohc3hw9/gradle-3.3/lib/gradle-base-services-3.3.jar
7fcb6e3e6000-7fcb6e4a8000 rw-p 00000000 00:00 0 
7fcb6e4a8000-7fcb6e4ab000 ---p 00000000 00:00 0 
7fcb6e4ab000-7fcb6e5ad000 rw-p 00000000 00:00 0 
7fcb6e5ad000-7fcb6e5ae000 r--s 00000000 08:01 5771268                    /home/bobby/.gradle/wrapper/dists/gradle-3.3-all/55gk2rcmfc6p2dg9u9ohc3hw9/gradle-3.3/lib/gradle-version-info-3.3.jar
7fcb6e5ae000-7fcb6e5b3000 r--s 00041000 08:01 5771112                    /home/bobby/.gradle/wrapper/dists/gradle-3.3-all/55gk2rcmfc6p2dg9u9ohc3hw9/gradle-3.3/lib/commons-lang-2.6.jar
7fcb6e5b3000-7fcb6e5b4000 r--s 00007000 08:01 5771110                    /home/bobby/.gradle/wrapper/dists/gradle-3.3-all/55gk2rcmfc6p2dg9u9ohc3hw9/gradle-3.3/lib/slf4j-api-1.7.10.jar
7fcb6e5b4000-7fcb6e5b5000 r--s 00004000 08:01 5771135                    /home/bobby/.gradle/wrapper/dists/gradle-3.3-all/55gk2rcmfc6p2dg9u9ohc3hw9/gradle-3.3/lib/ant-launcher-1.9.6.jar
7fcb6e5b5000-7fcb6e5c2000 r--s 0005c000 08:01 5771099                    /home/bobby/.gradle/wrapper/dists/gradle-3.3-all/55gk2rcmfc6p2dg9u9ohc3hw9/gradle-3.3/lib/gradle-launcher-3.3.jar
7fcb6e5c2000-7fcb6e5ca000 rw-s 00000000 08:01 2492124                    /tmp/hsperfdata_bobby/10042
7fcb6e5ca000-7fcb6e5cb000 rw-p 00000000 00:00 0 
7fcb6e5cb000-7fcb6e5cc000 r--p 00000000 00:00 0 
7fcb6e5cc000-7fcb6e5ce000 rw-p 00000000 00:00 0 
7fcb6e5ce000-7fcb6e5cf000 r--p 00025000 08:01 20185590                   /lib/x86_64-linux-gnu/ld-2.23.so
7fcb6e5cf000-7fcb6e5d0000 rw-p 00026000 08:01 20185590                   /lib/x86_64-linux-gnu/ld-2.23.so
7fcb6e5d0000-7fcb6e5d1000 rw-p 00000000 00:00 0 
7ffcfdd59000-7ffcfdd7a000 rw-p 00000000 00:00 0                          [stack]
7ffcfdd80000-7ffcfdd82000 r--p 00000000 00:00 0                          [vvar]
7ffcfdd82000-7ffcfdd84000 r-xp 00000000 00:00 0                          [vdso]
ffffffffff600000-ffffffffff601000 r-xp 00000000 00:00 0                  [vsyscall]

VM Arguments:
jvm_args: -Xmx1536m -Dfile.encoding=UTF-8 -Duser.country=US -Duser.language=en -Duser.variant 
java_command: org.gradle.launcher.daemon.bootstrap.GradleDaemon 3.3
java_class_path (initial): /home/bobby/.gradle/wrapper/dists/gradle-3.3-all/55gk2rcmfc6p2dg9u9ohc3hw9/gradle-3.3/lib/gradle-launcher-3.3.jar
Launcher Type: SUN_STANDARD

Environment Variables:
JAVA_HOME=/usr/lib/jvm/java-8-oracle
PATH=/home/bobby/bin:/home/bobby/.local/bin:/usr/local/sbin:/usr/local/bin:/usr/sbin:/usr/bin:/sbin:/bin:/usr/games:/usr/local/games:/snap/bin:/usr/lib/jvm/java-8-oracle/bin:/usr/lib/jvm/java-8-oracle/db/bin:/usr/lib/jvm/java-8-oracle/jre/bin
LD_LIBRARY_PATH=/home/bobby/android-studio/bin:
SHELL=/bin/bash
DISPLAY=:0

Signal Handlers:
SIGSEGV: [libjvm.so+0x9e5150], sa_mask[0]=11111111011111111101111111111110, sa_flags=SA_RESTART|SA_SIGINFO
SIGBUS: [libjvm.so+0x9e5150], sa_mask[0]=11111111011111111101111111111110, sa_flags=SA_RESTART|SA_SIGINFO
SIGFPE: [libjvm.so+0x848450], sa_mask[0]=11111111011111111101111111111110, sa_flags=SA_RESTART|SA_SIGINFO
SIGPIPE: [libjvm.so+0x848450], sa_mask[0]=11111111011111111101111111111110, sa_flags=SA_RESTART|SA_SIGINFO
SIGXFSZ: [libjvm.so+0x848450], sa_mask[0]=11111111011111111101111111111110, sa_flags=SA_RESTART|SA_SIGINFO
SIGILL: [libjvm.so+0x848450], sa_mask[0]=11111111011111111101111111111110, sa_flags=SA_RESTART|SA_SIGINFO
SIGUSR1: SIG_DFL, sa_mask[0]=00000000000000000000000000000000, sa_flags=none
SIGUSR2: [libjvm.so+0x848320], sa_mask[0]=00100000000000000000000000000000, sa_flags=SA_RESTART|SA_SIGINFO
SIGHUP: [libjvm.so+0x848510], sa_mask[0]=11111111011111111101111111111110, sa_flags=SA_RESTART|SA_SIGINFO
SIGINT: [libjvm.so+0x848510], sa_mask[0]=11111111011111111101111111111110, sa_flags=SA_RESTART|SA_SIGINFO
SIGTERM: [libjvm.so+0x848510], sa_mask[0]=11111111011111111101111111111110, sa_flags=SA_RESTART|SA_SIGINFO
SIGQUIT: [libjvm.so+0x848510], sa_mask[0]=11111111011111111101111111111110, sa_flags=SA_RESTART|SA_SIGINFO


---------------  S Y S T E M  ---------------

OS:DISTRIB_ID=Ubuntu
DISTRIB_RELEASE=16.04
DISTRIB_CODENAME=xenial
DISTRIB_DESCRIPTION="Ubuntu 16.04.2 LTS"

uname:Linux 4.4.0-83-generic #106-Ubuntu SMP Mon Jun 26 17:54:43 UTC 2017 x86_64
libc:glibc 2.23 NPTL 2.23 
rlimit: STACK 8192k, CORE 0k, NPROC 63783, NOFILE 65536, AS infinity
load average:0.88 0.91 0.75

/proc/meminfo:
MemTotal:       16375608 kB
MemFree:        11141432 kB
MemAvailable:   13657788 kB
Buffers:          280380 kB
Cached:          2440368 kB
SwapCached:            0 kB
Active:          3849252 kB
Inactive:         951864 kB
Active(anon):    2081588 kB
Inactive(anon):    71004 kB
Active(file):    1767664 kB
Inactive(file):   880860 kB
Unevictable:          32 kB
Mlocked:              32 kB
SwapTotal:      16718844 kB
SwapFree:       16718844 kB
Dirty:               424 kB
Writeback:             0 kB
AnonPages:       2080336 kB
Mapped:           512744 kB
Shmem:             72300 kB
Slab:             244520 kB
SReclaimable:     204052 kB
SUnreclaim:        40468 kB
KernelStack:        9536 kB
PageTables:        35340 kB
NFS_Unstable:          0 kB
Bounce:                0 kB
WritebackTmp:          0 kB
CommitLimit:    24906648 kB
Committed_AS:    7957480 kB
VmallocTotal:   34359738367 kB
VmallocUsed:           0 kB
VmallocChunk:          0 kB
HardwareCorrupted:     0 kB
AnonHugePages:    976896 kB
CmaTotal:              0 kB
CmaFree:               0 kB
HugePages_Total:       0
HugePages_Free:        0
HugePages_Rsvd:        0
HugePages_Surp:        0
Hugepagesize:       2048 kB
DirectMap4k:      405852 kB
DirectMap2M:     7925760 kB
DirectMap1G:     9437184 kB


CPU:total 4 (4 cores per cpu, 1 threads per core) family 6 model 60 stepping 3, cmov, cx8, fxsr, mmx, sse, sse2, sse3, ssse3, sse4.1, sse4.2, popcnt, avx, avx2, aes, clmul, erms, lzcnt, tsc, tscinvbit, bmi1, bmi2

/proc/cpuinfo:
processor	: 0
vendor_id	: GenuineIntel
cpu family	: 6
model		: 60
model name	: Intel(R) Core(TM) i5-4670K CPU @ 3.40GHz
stepping	: 3
microcode	: 0x1e
cpu MHz		: 3601.742
cache size	: 6144 KB
physical id	: 0
siblings	: 4
core id		: 0
cpu cores	: 4
apicid		: 0
initial apicid	: 0
fpu		: yes
fpu_exception	: yes
cpuid level	: 13
wp		: yes
flags		: fpu vme de pse tsc msr pae mce cx8 apic sep mtrr pge mca cmov pat pse36 clflush dts acpi mmx fxsr sse sse2 ss ht tm pbe syscall nx pdpe1gb rdtscp lm constant_tsc arch_perfmon pebs bts rep_good nopl xtopology nonstop_tsc aperfmperf eagerfpu pni pclmulqdq dtes64 monitor ds_cpl vmx est tm2 ssse3 sdbg fma cx16 xtpr pdcm pcid sse4_1 sse4_2 movbe popcnt tsc_deadline_timer aes xsave avx f16c rdrand lahf_lm abm tpr_shadow vnmi flexpriority ept vpid fsgsbase tsc_adjust bmi1 avx2 smep bmi2 erms invpcid xsaveopt dtherm ida arat pln pts
bugs		:
bogomips	: 6799.86
clflush size	: 64
cache_alignment	: 64
address sizes	: 39 bits physical, 48 bits virtual
power management:

processor	: 1
vendor_id	: GenuineIntel
cpu family	: 6
model		: 60
model name	: Intel(R) Core(TM) i5-4670K CPU @ 3.40GHz
stepping	: 3
microcode	: 0x1e
cpu MHz		: 3603.601
cache size	: 6144 KB
physical id	: 0
siblings	: 4
core id		: 1
cpu cores	: 4
apicid		: 2
initial apicid	: 2
fpu		: yes
fpu_exception	: yes
cpuid level	: 13
wp		: yes
flags		: fpu vme de pse tsc msr pae mce cx8 apic sep mtrr pge mca cmov pat pse36 clflush dts acpi mmx fxsr sse sse2 ss ht tm pbe syscall nx pdpe1gb rdtscp lm constant_tsc arch_perfmon pebs bts rep_good nopl xtopology nonstop_tsc aperfmperf eagerfpu pni pclmulqdq dtes64 monitor ds_cpl vmx est tm2 ssse3 sdbg fma cx16 xtpr pdcm pcid sse4_1 sse4_2 movbe popcnt tsc_deadline_timer aes xsave avx f16c rdrand lahf_lm abm tpr_shadow vnmi flexpriority ept vpid fsgsbase tsc_adjust bmi1 avx2 smep bmi2 erms invpcid xsaveopt dtherm ida arat pln pts
bugs		:
bogomips	: 6799.86
clflush size	: 64
cache_alignment	: 64
address sizes	: 39 bits physical, 48 bits virtual
power management:

processor	: 2
vendor_id	: GenuineIntel
cpu family	: 6
model		: 60
model name	: Intel(R) Core(TM) i5-4670K CPU @ 3.40GHz
stepping	: 3
microcode	: 0x1e
cpu MHz		: 3608.781
cache size	: 6144 KB
physical id	: 0
siblings	: 4
core id		: 2
cpu cores	: 4
apicid		: 4
initial apicid	: 4
fpu		: yes
fpu_exception	: yes
cpuid level	: 13
wp		: yes
flags		: fpu vme de pse tsc msr pae mce cx8 apic sep mtrr pge mca cmov pat pse36 clflush dts acpi mmx fxsr sse sse2 ss ht tm pbe syscall nx pdpe1gb rdtscp lm constant_tsc arch_perfmon pebs bts rep_good nopl xtopology nonstop_tsc aperfmperf eagerfpu pni pclmulqdq dtes64 monitor ds_cpl vmx est tm2 ssse3 sdbg fma cx16 xtpr pdcm pcid sse4_1 sse4_2 movbe popcnt tsc_deadline_timer aes xsave avx f16c rdrand lahf_lm abm tpr_shadow vnmi flexpriority ept vpid fsgsbase tsc_adjust bmi1 avx2 smep bmi2 erms invpcid xsaveopt dtherm ida arat pln pts
bugs		:
bogomips	: 6799.86
clflush size	: 64
cache_alignment	: 64
address sizes	: 39 bits physical, 48 bits virtual
power management:

processor	: 3
vendor_id	: GenuineIntel
cpu family	: 6
model		: 60
model name	: Intel(R) Core(TM) i5-4670K CPU @ 3.40GHz
stepping	: 3
microcode	: 0x1e
cpu MHz		: 3607.187
cache size	: 6144 KB
physical id	: 0
siblings	: 4
core id		: 3
cpu cores	: 4
apicid		: 6
initial apicid	: 6
fpu		: yes
fpu_exception	: yes
cpuid level	: 13
wp		: yes
flags		: fpu vme de pse tsc msr pae mce cx8 apic sep mtrr pge mca cmov pat pse36 clflush dts acpi mmx fxsr sse sse2 ss ht tm pbe syscall nx pdpe1gb rdtscp lm constant_tsc arch_perfmon pebs bts rep_good nopl xtopology nonstop_tsc aperfmperf eagerfpu pni pclmulqdq dtes64 monitor ds_cpl vmx est tm2 ssse3 sdbg fma cx16 xtpr pdcm pcid sse4_1 sse4_2 movbe popcnt tsc_deadline_timer aes xsave avx f16c rdrand lahf_lm abm tpr_shadow vnmi flexpriority ept vpid fsgsbase tsc_adjust bmi1 avx2 smep bmi2 erms invpcid xsaveopt dtherm ida arat pln pts
bugs		:
bogomips	: 6799.86
clflush size	: 64
cache_alignment	: 64
address sizes	: 39 bits physical, 48 bits virtual
power management:



Memory: 4k page, physical 16375608k(11141432k free), swap 16718844k(16718844k free)

vm_info: OpenJDK 64-Bit Server VM (25.112-b06) for linux-amd64 JRE (1.8.0_112-release-b06), built on Dec  6 2016 12:11:18 by "builder" with gcc 4.8.4

time: Wed Jul 19 19:14:44 2017
elapsed time: 0 seconds (0d 0h 0m 0s)

